[debug] [2025-11-30T23:03:26.584Z] ----------------------------------------------------------------------
[debug] [2025-11-30T23:03:26.596Z] Command:       /nix/store/ws50yvm6vzlzf7jzz6n7xh4szddrack1-nodejs-20.19.1/bin/node /home/user/.global_modules/bin/firebase deploy --only functions:getAllUsers
[debug] [2025-11-30T23:03:26.597Z] CLI Version:   14.15.2
[debug] [2025-11-30T23:03:26.598Z] Platform:      linux
[debug] [2025-11-30T23:03:26.598Z] Node Version:  v20.19.1
[debug] [2025-11-30T23:03:26.598Z] Time:          Sun Nov 30 2025 23:03:26 GMT+0000 (Coordinated Universal Time)
[debug] [2025-11-30T23:03:26.599Z] ----------------------------------------------------------------------
[debug] 
[debug] [2025-11-30T23:03:27.271Z] Checked if tokens are valid: false, expires at: 1761146214338
[debug] [2025-11-30T23:03:27.272Z] Checked if tokens are valid: false, expires at: 1761146214338
[debug] [2025-11-30T23:03:27.273Z] > refreshing access token with scopes: []
[debug] [2025-11-30T23:03:27.278Z] >>> [apiv2][query] POST https://www.googleapis.com/oauth2/v3/token [none]
[debug] [2025-11-30T23:03:27.278Z] >>> [apiv2][body] POST https://www.googleapis.com/oauth2/v3/token [omitted]
[debug] [2025-11-30T23:03:27.485Z] <<< [apiv2][status] POST https://www.googleapis.com/oauth2/v3/token 200
[debug] [2025-11-30T23:03:27.488Z] <<< [apiv2][body] POST https://www.googleapis.com/oauth2/v3/token [omitted]
[debug] [2025-11-30T23:03:27.503Z] >>> [apiv2][query] GET https://monospace-pa.googleapis.com/v1/workspaces/vinylogix-v1-62914042 [none]
[debug] [2025-11-30T23:03:28.330Z] <<< [apiv2][status] GET https://monospace-pa.googleapis.com/v1/workspaces/vinylogix-v1-62914042 200
[debug] [2025-11-30T23:03:28.330Z] <<< [apiv2][body] GET https://monospace-pa.googleapis.com/v1/workspaces/vinylogix-v1-62914042 {"workspaceId":"vinylogix-v1-62914042","name":"Vinylogix V1","workspaceRedirectUrl":"firebase-vinylogix-v1-1757114814172.cluster-oayqgyglpfgseqclbygurw4xd4.cloudworkstations.dev","status":"WORKSPACE_STATUS_RUNNING","lastAccessDatetime":"2025-11-30T22:43:17.834924Z","workspaceTemplate":"WORKSPACE_TEMPLATE_CAPRA_BUILDER","owner":"SELF","serviceAccountEmail":"msp-7413876450236475504@monospace-4.iam.gserviceaccount.com","ownerEmail":"baseaiworks@gmail.com","workspaceImageUrl":"https://www.gstatic.com/monospace/250314/workspace-prototype-192.png","templateArgs":"{}","templateRepoUrl":"file:///usr/local/monospace/templates/private/_capra_next","workstationAccessToken":"eyJhbGciOiJSUzI1NiIsInR5cCI6IkpXVCJ9.eyJpc3MiOiJodHRwczovL2Nsb3VkLmdvb2dsZS5jb20vd29ya3N0YXRpb25zIiwiYXVkIjoiZmlyZWJhc2UtdmlueWxvZ2l4LXYxLTE3NTcxMTQ4MTQxNzIuY2x1c3Rlci1vYXlxZ3lnbHBmZ3NlcWNsYnlndXJ3NHhkNC5jbG91ZHdvcmtzdGF0aW9ucy5kZXYiLCJpYXQiOjE3NjQ1NDM4MDgsImV4cCI6MTc2NDYzMDIwOH0.aHe7zMKnaGvWv3FOLlRVBUTqekOLOIAsIOCN8ukiMyXsG6ZzqEpdVGBTpCKDelcHj7p1kFXeCdxV0LMPIU9O5w2uIcNfqDBcfYUd0jpQbXstKV8oFIJlMvO-oH15_usjYF4LkDintUT-f2tXzYgzPSRuGIGcR5ikHdMVQLpRceejS14iDQLL70yOs01kVN3AwvPq3bFzsDdBDQ6NbVFMuoEY2XSS0gjjRO95zlYVFB8BNo1iShMmufiXvCkCwCDgJ9jBFka_ZcFRwVvThQDrwnf1hlANomXV1b1nwUBDfX6Z0TyOVpSf3ghMT4zoqUFkAWzA6mZIpDel6OFJtFaiPA","firebaseProjectId":"vinylogix-v1"}
[debug] [2025-11-30T23:03:28.335Z] > command requires scopes: ["email","openid","https://www.googleapis.com/auth/cloudplatformprojects.readonly","https://www.googleapis.com/auth/firebase","https://www.googleapis.com/auth/cloud-platform","https://www.googleapis.com/auth/userinfo.email"]
[debug] [2025-11-30T23:03:28.335Z] > authorizing via signed-in user (baseaiworks@gmail.com)
[debug] [2025-11-30T23:03:28.336Z] [iam] checking project vinylogix-v1 for permissions ["cloudfunctions.functions.create","cloudfunctions.functions.delete","cloudfunctions.functions.get","cloudfunctions.functions.list","cloudfunctions.functions.update","cloudfunctions.operations.get","firebase.projects.get"]
[debug] [2025-11-30T23:03:28.336Z] Checked if tokens are valid: true, expires at: 1764547406488
[debug] [2025-11-30T23:03:28.336Z] Checked if tokens are valid: true, expires at: 1764547406488
[debug] [2025-11-30T23:03:28.337Z] >>> [apiv2][query] POST https://cloudresourcemanager.googleapis.com/v1/projects/vinylogix-v1:testIamPermissions [none]
[debug] [2025-11-30T23:03:28.337Z] >>> [apiv2][(partial)header] POST https://cloudresourcemanager.googleapis.com/v1/projects/vinylogix-v1:testIamPermissions x-goog-quota-user=projects/vinylogix-v1
[debug] [2025-11-30T23:03:28.337Z] >>> [apiv2][body] POST https://cloudresourcemanager.googleapis.com/v1/projects/vinylogix-v1:testIamPermissions {"permissions":["cloudfunctions.functions.create","cloudfunctions.functions.delete","cloudfunctions.functions.get","cloudfunctions.functions.list","cloudfunctions.functions.update","cloudfunctions.operations.get","firebase.projects.get"]}
[debug] [2025-11-30T23:03:28.989Z] <<< [apiv2][status] POST https://cloudresourcemanager.googleapis.com/v1/projects/vinylogix-v1:testIamPermissions 200
[debug] [2025-11-30T23:03:28.990Z] <<< [apiv2][body] POST https://cloudresourcemanager.googleapis.com/v1/projects/vinylogix-v1:testIamPermissions {"permissions":["cloudfunctions.functions.create","cloudfunctions.functions.delete","cloudfunctions.functions.get","cloudfunctions.functions.list","cloudfunctions.functions.update","cloudfunctions.operations.get","firebase.projects.get"]}
[debug] [2025-11-30T23:03:28.991Z] Checked if tokens are valid: true, expires at: 1764547406488
[debug] [2025-11-30T23:03:28.993Z] Checked if tokens are valid: true, expires at: 1764547406488
[debug] [2025-11-30T23:03:28.993Z] >>> [apiv2][query] POST https://iam.googleapis.com/v1/projects/vinylogix-v1/serviceAccounts/vinylogix-v1@appspot.gserviceaccount.com:testIamPermissions [none]
[debug] [2025-11-30T23:03:28.993Z] >>> [apiv2][body] POST https://iam.googleapis.com/v1/projects/vinylogix-v1/serviceAccounts/vinylogix-v1@appspot.gserviceaccount.com:testIamPermissions {"permissions":["iam.serviceAccounts.actAs"]}
[debug] [2025-11-30T23:03:29.199Z] <<< [apiv2][status] POST https://iam.googleapis.com/v1/projects/vinylogix-v1/serviceAccounts/vinylogix-v1@appspot.gserviceaccount.com:testIamPermissions 404
[debug] [2025-11-30T23:03:29.199Z] <<< [apiv2][body] POST https://iam.googleapis.com/v1/projects/vinylogix-v1/serviceAccounts/vinylogix-v1@appspot.gserviceaccount.com:testIamPermissions {"error":{"code":404,"message":"Unknown service account","status":"NOT_FOUND"}}
[debug] [2025-11-30T23:03:29.200Z] [functions] service account IAM check errored, deploy may fail: Request to https://iam.googleapis.com/v1/projects/vinylogix-v1/serviceAccounts/vinylogix-v1@appspot.gserviceaccount.com:testIamPermissions had HTTP Error: 404, Unknown service account {"name":"FirebaseError","children":[],"context":{"body":{"error":{"code":404,"message":"Unknown service account","status":"NOT_FOUND"}},"response":{"statusCode":404}},"exit":1,"message":"Request to https://iam.googleapis.com/v1/projects/vinylogix-v1/serviceAccounts/vinylogix-v1@appspot.gserviceaccount.com:testIamPermissions had HTTP Error: 404, Unknown service account","status":404}
[info] 
[info] === Deploying to 'vinylogix-v1'...
[info] 
[info] i  deploying functions 
[debug] [2025-11-30T23:03:29.208Z] Checked if tokens are valid: true, expires at: 1764547406488
[debug] [2025-11-30T23:03:29.209Z] Checked if tokens are valid: true, expires at: 1764547406488
[debug] [2025-11-30T23:03:29.209Z] >>> [apiv2][query] GET https://cloudresourcemanager.googleapis.com/v1/projects/vinylogix-v1 [none]
[debug] [2025-11-30T23:03:29.399Z] <<< [apiv2][status] GET https://cloudresourcemanager.googleapis.com/v1/projects/vinylogix-v1 200
[debug] [2025-11-30T23:03:29.400Z] <<< [apiv2][body] GET https://cloudresourcemanager.googleapis.com/v1/projects/vinylogix-v1 {"projectNumber":"709401169654","projectId":"vinylogix-v1","lifecycleState":"ACTIVE","name":"Vinylogix V1","labels":{"monospace-workspace-id":"vinylogix-v1-62914042","firebase":"enabled","firebase-core":"disabled"},"createTime":"2025-09-07T21:00:19.489299Z"}
[info] i  functions: preparing codebase default for deployment 
[info] i  functions: ensuring required API cloudfunctions.googleapis.com is enabled... 
[debug] [2025-11-30T23:03:29.404Z] Checked if tokens are valid: true, expires at: 1764547406488
[debug] [2025-11-30T23:03:29.404Z] Checked if tokens are valid: true, expires at: 1764547406488
[info] i  functions: ensuring required API cloudbuild.googleapis.com is enabled... 
[debug] [2025-11-30T23:03:29.405Z] Checked if tokens are valid: true, expires at: 1764547406488
[debug] [2025-11-30T23:03:29.405Z] Checked if tokens are valid: true, expires at: 1764547406488
[info] i  artifactregistry: ensuring required API artifactregistry.googleapis.com is enabled... 
[debug] [2025-11-30T23:03:29.406Z] Checked if tokens are valid: true, expires at: 1764547406488
[debug] [2025-11-30T23:03:29.406Z] Checked if tokens are valid: true, expires at: 1764547406488
[debug] [2025-11-30T23:03:29.407Z] >>> [apiv2][query] GET https://serviceusage.googleapis.com/v1/projects/vinylogix-v1/services/runtimeconfig.googleapis.com [none]
[debug] [2025-11-30T23:03:29.407Z] >>> [apiv2][(partial)header] GET https://serviceusage.googleapis.com/v1/projects/vinylogix-v1/services/runtimeconfig.googleapis.com x-goog-quota-user=projects/vinylogix-v1
[debug] [2025-11-30T23:03:29.409Z] >>> [apiv2][query] GET https://serviceusage.googleapis.com/v1/projects/vinylogix-v1/services/cloudbuild.googleapis.com [none]
[debug] [2025-11-30T23:03:29.409Z] >>> [apiv2][(partial)header] GET https://serviceusage.googleapis.com/v1/projects/vinylogix-v1/services/cloudbuild.googleapis.com x-goog-quota-user=projects/vinylogix-v1
[debug] [2025-11-30T23:03:29.411Z] >>> [apiv2][query] GET https://serviceusage.googleapis.com/v1/projects/vinylogix-v1/services/artifactregistry.googleapis.com [none]
[debug] [2025-11-30T23:03:29.412Z] >>> [apiv2][(partial)header] GET https://serviceusage.googleapis.com/v1/projects/vinylogix-v1/services/artifactregistry.googleapis.com x-goog-quota-user=projects/vinylogix-v1
[debug] [2025-11-30T23:03:30.229Z] <<< [apiv2][status] GET https://serviceusage.googleapis.com/v1/projects/vinylogix-v1/services/artifactregistry.googleapis.com 200
[debug] [2025-11-30T23:03:30.229Z] <<< [apiv2][body] GET https://serviceusage.googleapis.com/v1/projects/vinylogix-v1/services/artifactregistry.googleapis.com [omitted]
[info] ✔  artifactregistry: required API artifactregistry.googleapis.com is enabled 
[debug] [2025-11-30T23:03:31.001Z] <<< [apiv2][status] GET https://serviceusage.googleapis.com/v1/projects/vinylogix-v1/services/cloudbuild.googleapis.com 200
[debug] [2025-11-30T23:03:31.002Z] <<< [apiv2][body] GET https://serviceusage.googleapis.com/v1/projects/vinylogix-v1/services/cloudbuild.googleapis.com [omitted]
[info] ✔  functions: required API cloudbuild.googleapis.com is enabled 
[debug] [2025-11-30T23:03:32.048Z] <<< [apiv2][status] GET https://serviceusage.googleapis.com/v1/projects/vinylogix-v1/services/runtimeconfig.googleapis.com 200
[debug] [2025-11-30T23:03:32.048Z] <<< [apiv2][body] GET https://serviceusage.googleapis.com/v1/projects/vinylogix-v1/services/runtimeconfig.googleapis.com [omitted]
[debug] [2025-11-30T23:03:32.060Z] Checked if tokens are valid: true, expires at: 1764547406488
[debug] [2025-11-30T23:03:32.061Z] Checked if tokens are valid: true, expires at: 1764547406488
[debug] [2025-11-30T23:03:32.061Z] >>> [apiv2][query] GET https://firebase.googleapis.com/v1beta1/projects/vinylogix-v1/adminSdkConfig [none]
[debug] [2025-11-30T23:03:32.519Z] <<< [apiv2][status] GET https://firebase.googleapis.com/v1beta1/projects/vinylogix-v1/adminSdkConfig 200
[debug] [2025-11-30T23:03:32.519Z] <<< [apiv2][body] GET https://firebase.googleapis.com/v1beta1/projects/vinylogix-v1/adminSdkConfig {"projectId":"vinylogix-v1","storageBucket":"vinylogix-v1.firebasestorage.app"}
[debug] [2025-11-30T23:03:32.520Z] Checked if tokens are valid: true, expires at: 1764547406488
[debug] [2025-11-30T23:03:32.520Z] Checked if tokens are valid: true, expires at: 1764547406488
[debug] [2025-11-30T23:03:32.520Z] >>> [apiv2][query] GET https://runtimeconfig.googleapis.com/v1beta1/projects/vinylogix-v1/configs [none]
[debug] [2025-11-30T23:03:32.705Z] <<< [apiv2][status] GET https://runtimeconfig.googleapis.com/v1beta1/projects/vinylogix-v1/configs 200
[debug] [2025-11-30T23:03:32.705Z] <<< [apiv2][body] GET https://runtimeconfig.googleapis.com/v1beta1/projects/vinylogix-v1/configs {}
[debug] [2025-11-30T23:03:32.713Z] Validating nodejs source
[warn] ⚠  functions: package.json indicates an outdated version of firebase-functions. Please upgrade using npm install --save firebase-functions@latest in your functions directory. 
[warn] ⚠  functions: Please note that there will be breaking changes when you upgrade. 
[debug] [2025-11-30T23:03:34.334Z] > [functions] package.json contents: {
  "name": "functions",
  "description": "Cloud Functions for Firebase",
  "scripts": {
    "lint": "eslint .",
    "serve": "firebase emulators:start --only functions",
    "shell": "firebase functions:shell",
    "start": "npm run shell",
    "build": "tsc",
    "deploy": "npm run build && firebase deploy --only functions",
    "logs": "firebase functions:log"
  },
  "engines": {
    "node": "20"
  },
  "main": "lib/index.js",
  "dependencies": {
    "cors": "^2.8.5",
    "firebase-admin": "^12.3.0",
    "firebase-functions": "^5.0.1"
  },
  "devDependencies": {
    "@types/babel__core": "^7.20.5",
    "@types/babel__generator": "^7.27.0",
    "@types/babel__traverse": "^7.28.0",
    "@types/cors": "^2.8.17",
    "eslint": "^8.15.0",
    "eslint-config-google": "^0.14.0",
    "firebase-functions-test": "^3.1.0",
    "typescript": "^5.4.5"
  },
  "private": true
}
[debug] [2025-11-30T23:03:34.335Z] Building nodejs source
[info] i  functions: Loading and analyzing source code for codebase default to determine what to deploy 
[debug] [2025-11-30T23:03:34.339Z] Could not find functions.yaml. Must use http discovery
[debug] [2025-11-30T23:03:34.350Z] Found firebase-functions binary at '/home/user/studio/functions/node_modules/.bin/firebase-functions'
[info] Serving at port 8827

[debug] [2025-11-30T23:03:36.778Z] Got response from /__/functions.yaml {"endpoints":{"getAllUsers":{"availableMemoryMb":null,"timeoutSeconds":null,"minInstances":null,"maxInstances":null,"ingressSettings":null,"concurrency":null,"serviceAccountEmail":null,"vpc":null,"platform":"gcfv2","region":["europe-west4"],"labels":{},"callableTrigger":{},"entryPoint":"getAllUsers"},"setCustomUserClaimsOnUserWrite":{"availableMemoryMb":null,"timeoutSeconds":null,"minInstances":null,"maxInstances":null,"ingressSettings":null,"concurrency":null,"serviceAccountEmail":null,"vpc":null,"platform":"gcfv2","labels":{},"eventTrigger":{"eventType":"google.cloud.firestore.document.v1.written","eventFilters":{"database":"(default)","namespace":"(default)"},"eventFilterPathPatterns":{"document":"users/{userId}"},"retry":false},"entryPoint":"setCustomUserClaimsOnUserWrite"}},"specVersion":"v1alpha1","requiredAPIs":[],"extensions":{}}
[info] i  extensions: ensuring required API firebaseextensions.googleapis.com is enabled... 
[debug] [2025-11-30T23:03:40.861Z] Checked if tokens are valid: true, expires at: 1764547406488
[debug] [2025-11-30T23:03:40.862Z] Checked if tokens are valid: true, expires at: 1764547406488
[debug] [2025-11-30T23:03:40.862Z] >>> [apiv2][query] GET https://serviceusage.googleapis.com/v1/projects/vinylogix-v1/services/firebaseextensions.googleapis.com [none]
[debug] [2025-11-30T23:03:40.862Z] >>> [apiv2][(partial)header] GET https://serviceusage.googleapis.com/v1/projects/vinylogix-v1/services/firebaseextensions.googleapis.com x-goog-quota-user=projects/vinylogix-v1
[debug] [2025-11-30T23:03:43.173Z] <<< [apiv2][status] GET https://serviceusage.googleapis.com/v1/projects/vinylogix-v1/services/firebaseextensions.googleapis.com 200
[debug] [2025-11-30T23:03:43.173Z] <<< [apiv2][body] GET https://serviceusage.googleapis.com/v1/projects/vinylogix-v1/services/firebaseextensions.googleapis.com [omitted]
[warn] ⚠  extensions: missing required API firebaseextensions.googleapis.com. Enabling now... 
[debug] [2025-11-30T23:03:43.176Z] Checked if tokens are valid: true, expires at: 1764547406488
[debug] [2025-11-30T23:03:43.177Z] Checked if tokens are valid: true, expires at: 1764547406488
[debug] [2025-11-30T23:03:43.177Z] >>> [apiv2][query] POST https://serviceusage.googleapis.com/v1/projects/vinylogix-v1/services/firebaseextensions.googleapis.com:enable [none]
[debug] [2025-11-30T23:03:43.177Z] >>> [apiv2][(partial)header] POST https://serviceusage.googleapis.com/v1/projects/vinylogix-v1/services/firebaseextensions.googleapis.com:enable x-goog-quota-user=projects/vinylogix-v1
[debug] [2025-11-30T23:03:44.284Z] <<< [apiv2][status] POST https://serviceusage.googleapis.com/v1/projects/vinylogix-v1/services/firebaseextensions.googleapis.com:enable 200
[debug] [2025-11-30T23:03:44.284Z] <<< [apiv2][body] POST https://serviceusage.googleapis.com/v1/projects/vinylogix-v1/services/firebaseextensions.googleapis.com:enable [omitted]
[debug] [2025-11-30T23:03:54.299Z] > command requires scopes: ["email","openid","https://www.googleapis.com/auth/cloudplatformprojects.readonly","https://www.googleapis.com/auth/firebase","https://www.googleapis.com/auth/cloud-platform","https://www.googleapis.com/auth/userinfo.email"]
[debug] [2025-11-30T23:03:54.299Z] > authorizing via signed-in user (baseaiworks@gmail.com)
[debug] [2025-11-30T23:03:54.299Z] [iam] checking project vinylogix-v1 for permissions ["firebase.projects.get","firebaseextensions.instances.list"]
[debug] [2025-11-30T23:03:54.299Z] Checked if tokens are valid: true, expires at: 1764547406488
[debug] [2025-11-30T23:03:54.300Z] Checked if tokens are valid: true, expires at: 1764547406488
[debug] [2025-11-30T23:03:54.300Z] >>> [apiv2][query] POST https://cloudresourcemanager.googleapis.com/v1/projects/vinylogix-v1:testIamPermissions [none]
[debug] [2025-11-30T23:03:54.301Z] >>> [apiv2][(partial)header] POST https://cloudresourcemanager.googleapis.com/v1/projects/vinylogix-v1:testIamPermissions x-goog-quota-user=projects/vinylogix-v1
[debug] [2025-11-30T23:03:54.301Z] >>> [apiv2][body] POST https://cloudresourcemanager.googleapis.com/v1/projects/vinylogix-v1:testIamPermissions {"permissions":["firebase.projects.get","firebaseextensions.instances.list"]}
[debug] [2025-11-30T23:03:54.945Z] <<< [apiv2][status] POST https://cloudresourcemanager.googleapis.com/v1/projects/vinylogix-v1:testIamPermissions 200
[debug] [2025-11-30T23:03:54.946Z] <<< [apiv2][body] POST https://cloudresourcemanager.googleapis.com/v1/projects/vinylogix-v1:testIamPermissions {"permissions":["firebase.projects.get","firebaseextensions.instances.list"]}
[debug] [2025-11-30T23:03:54.946Z] Checked if tokens are valid: true, expires at: 1764547406488
[debug] [2025-11-30T23:03:54.947Z] Checked if tokens are valid: true, expires at: 1764547406488
[debug] [2025-11-30T23:03:54.949Z] >>> [apiv2][query] GET https://firebaseextensions.googleapis.com/v1beta/projects/vinylogix-v1/instances pageSize=100&pageToken=
[debug] [2025-11-30T23:03:56.752Z] <<< [apiv2][status] GET https://firebaseextensions.googleapis.com/v1beta/projects/vinylogix-v1/instances 200
[debug] [2025-11-30T23:03:56.752Z] <<< [apiv2][body] GET https://firebaseextensions.googleapis.com/v1beta/projects/vinylogix-v1/instances {}
[info] i  functions: preparing functions directory for uploading... 
[info] i  functions: packaged /home/user/studio/functions (85.61 KB) for uploading 
[debug] [2025-11-30T23:03:56.870Z] Checked if tokens are valid: true, expires at: 1764547406488
[debug] [2025-11-30T23:03:56.870Z] Checked if tokens are valid: true, expires at: 1764547406488
[debug] [2025-11-30T23:03:56.870Z] >>> [apiv2][query] GET https://cloudfunctions.googleapis.com/v1/projects/vinylogix-v1/locations/-/functions [none]
[debug] [2025-11-30T23:03:57.433Z] <<< [apiv2][status] GET https://cloudfunctions.googleapis.com/v1/projects/vinylogix-v1/locations/-/functions 200
[debug] [2025-11-30T23:03:57.433Z] <<< [apiv2][body] GET https://cloudfunctions.googleapis.com/v1/projects/vinylogix-v1/locations/-/functions {}
[debug] [2025-11-30T23:03:57.434Z] Checked if tokens are valid: true, expires at: 1764547406488
[debug] [2025-11-30T23:03:57.434Z] Checked if tokens are valid: true, expires at: 1764547406488
[debug] [2025-11-30T23:03:57.437Z] >>> [apiv2][query] GET https://cloudfunctions.googleapis.com/v2/projects/vinylogix-v1/locations/-/functions filter=environment%3D%22GEN_2%22
[debug] [2025-11-30T23:03:58.412Z] <<< [apiv2][status] GET https://cloudfunctions.googleapis.com/v2/projects/vinylogix-v1/locations/-/functions 200
[debug] [2025-11-30T23:03:58.412Z] <<< [apiv2][body] GET https://cloudfunctions.googleapis.com/v2/projects/vinylogix-v1/locations/-/functions {}
[debug] [2025-11-30T23:03:58.417Z] Checked if tokens are valid: true, expires at: 1764547406488
[debug] [2025-11-30T23:03:58.417Z] Checked if tokens are valid: true, expires at: 1764547406488
[debug] [2025-11-30T23:03:58.417Z] >>> [apiv2][query] GET https://firestore.googleapis.com/v1/projects/vinylogix-v1/databases/(default) [none]
[debug] [2025-11-30T23:03:58.487Z] <<< [apiv2][status] GET https://firestore.googleapis.com/v1/projects/vinylogix-v1/databases/(default) 200
[debug] [2025-11-30T23:03:58.487Z] <<< [apiv2][body] GET https://firestore.googleapis.com/v1/projects/vinylogix-v1/databases/(default) {"name":"projects/vinylogix-v1/databases/(default)","uid":"fdcfdeab-8b8a-4d50-b23c-c92406e0a732","createTime":"2025-09-07T22:45:49.631424Z","updateTime":"2025-09-07T22:45:49.631424Z","locationId":"europe-west4","type":"FIRESTORE_NATIVE","concurrencyMode":"PESSIMISTIC","versionRetentionPeriod":"3600s","earliestVersionTime":"2025-11-30T22:03:58.483784Z","appEngineIntegrationMode":"DISABLED","pointInTimeRecoveryEnablement":"POINT_IN_TIME_RECOVERY_DISABLED","deleteProtectionState":"DELETE_PROTECTION_DISABLED","databaseEdition":"STANDARD","freeTier":true,"realtimeUpdatesMode":"REALTIME_UPDATES_MODE_ENABLED","etag":"INLlu4X+mpEDMLe6hNTix48D"}
[info] i  functions: ensuring required API run.googleapis.com is enabled... 
[debug] [2025-11-30T23:03:58.493Z] Checked if tokens are valid: true, expires at: 1764547406488
[debug] [2025-11-30T23:03:58.493Z] Checked if tokens are valid: true, expires at: 1764547406488
[info] i  functions: ensuring required API eventarc.googleapis.com is enabled... 
[debug] [2025-11-30T23:03:58.494Z] Checked if tokens are valid: true, expires at: 1764547406488
[debug] [2025-11-30T23:03:58.494Z] Checked if tokens are valid: true, expires at: 1764547406488
[info] i  functions: ensuring required API pubsub.googleapis.com is enabled... 
[debug] [2025-11-30T23:03:58.495Z] Checked if tokens are valid: true, expires at: 1764547406488
[debug] [2025-11-30T23:03:58.495Z] Checked if tokens are valid: true, expires at: 1764547406488
[info] i  functions: ensuring required API storage.googleapis.com is enabled... 
[debug] [2025-11-30T23:03:58.496Z] Checked if tokens are valid: true, expires at: 1764547406488
[debug] [2025-11-30T23:03:58.496Z] Checked if tokens are valid: true, expires at: 1764547406488
[debug] [2025-11-30T23:03:58.496Z] >>> [apiv2][query] GET https://serviceusage.googleapis.com/v1/projects/709401169654/services/run.googleapis.com [none]
[debug] [2025-11-30T23:03:58.496Z] >>> [apiv2][(partial)header] GET https://serviceusage.googleapis.com/v1/projects/709401169654/services/run.googleapis.com x-goog-quota-user=projects/709401169654
[debug] [2025-11-30T23:03:58.498Z] >>> [apiv2][query] GET https://serviceusage.googleapis.com/v1/projects/709401169654/services/eventarc.googleapis.com [none]
[debug] [2025-11-30T23:03:58.498Z] >>> [apiv2][(partial)header] GET https://serviceusage.googleapis.com/v1/projects/709401169654/services/eventarc.googleapis.com x-goog-quota-user=projects/709401169654
[debug] [2025-11-30T23:03:58.502Z] >>> [apiv2][query] GET https://serviceusage.googleapis.com/v1/projects/709401169654/services/pubsub.googleapis.com [none]
[debug] [2025-11-30T23:03:58.502Z] >>> [apiv2][(partial)header] GET https://serviceusage.googleapis.com/v1/projects/709401169654/services/pubsub.googleapis.com x-goog-quota-user=projects/709401169654
[debug] [2025-11-30T23:03:58.504Z] >>> [apiv2][query] GET https://serviceusage.googleapis.com/v1/projects/709401169654/services/storage.googleapis.com [none]
[debug] [2025-11-30T23:03:58.504Z] >>> [apiv2][(partial)header] GET https://serviceusage.googleapis.com/v1/projects/709401169654/services/storage.googleapis.com x-goog-quota-user=projects/709401169654
[debug] [2025-11-30T23:04:00.105Z] <<< [apiv2][status] GET https://serviceusage.googleapis.com/v1/projects/709401169654/services/eventarc.googleapis.com 200
[debug] [2025-11-30T23:04:00.105Z] <<< [apiv2][body] GET https://serviceusage.googleapis.com/v1/projects/709401169654/services/eventarc.googleapis.com [omitted]
[warn] ⚠  functions: missing required API eventarc.googleapis.com. Enabling now... 
[debug] [2025-11-30T23:04:00.108Z] Checked if tokens are valid: true, expires at: 1764547406488
[debug] [2025-11-30T23:04:00.109Z] Checked if tokens are valid: true, expires at: 1764547406488
[debug] [2025-11-30T23:04:00.109Z] >>> [apiv2][query] POST https://serviceusage.googleapis.com/v1/projects/709401169654/services/eventarc.googleapis.com:enable [none]
[debug] [2025-11-30T23:04:00.109Z] >>> [apiv2][(partial)header] POST https://serviceusage.googleapis.com/v1/projects/709401169654/services/eventarc.googleapis.com:enable x-goog-quota-user=projects/709401169654
[debug] [2025-11-30T23:04:00.221Z] <<< [apiv2][status] GET https://serviceusage.googleapis.com/v1/projects/709401169654/services/pubsub.googleapis.com 200
[debug] [2025-11-30T23:04:00.221Z] <<< [apiv2][body] GET https://serviceusage.googleapis.com/v1/projects/709401169654/services/pubsub.googleapis.com [omitted]
[info] ✔  functions: required API pubsub.googleapis.com is enabled 
[debug] [2025-11-30T23:04:00.654Z] <<< [apiv2][status] GET https://serviceusage.googleapis.com/v1/projects/709401169654/services/run.googleapis.com 200
[debug] [2025-11-30T23:04:00.654Z] <<< [apiv2][body] GET https://serviceusage.googleapis.com/v1/projects/709401169654/services/run.googleapis.com [omitted]
[info] ✔  functions: required API run.googleapis.com is enabled 
[debug] [2025-11-30T23:04:00.729Z] <<< [apiv2][status] GET https://serviceusage.googleapis.com/v1/projects/709401169654/services/storage.googleapis.com 200
[debug] [2025-11-30T23:04:00.729Z] <<< [apiv2][body] GET https://serviceusage.googleapis.com/v1/projects/709401169654/services/storage.googleapis.com [omitted]
[info] ✔  functions: required API storage.googleapis.com is enabled 
[debug] [2025-11-30T23:04:01.459Z] <<< [apiv2][status] POST https://serviceusage.googleapis.com/v1/projects/709401169654/services/eventarc.googleapis.com:enable 200
[debug] [2025-11-30T23:04:01.460Z] <<< [apiv2][body] POST https://serviceusage.googleapis.com/v1/projects/709401169654/services/eventarc.googleapis.com:enable [omitted]
[info] i  functions: generating the service identity for pubsub.googleapis.com... 
[debug] [2025-11-30T23:04:11.480Z] Checked if tokens are valid: true, expires at: 1764547406488
[debug] [2025-11-30T23:04:11.481Z] Checked if tokens are valid: true, expires at: 1764547406488
[info] i  functions: generating the service identity for eventarc.googleapis.com... 
[debug] [2025-11-30T23:04:11.484Z] Checked if tokens are valid: true, expires at: 1764547406488
[debug] [2025-11-30T23:04:11.485Z] Checked if tokens are valid: true, expires at: 1764547406488
[debug] [2025-11-30T23:04:11.487Z] >>> [apiv2][query] POST https://serviceusage.googleapis.com/v1beta1/projects/709401169654/services/pubsub.googleapis.com:generateServiceIdentity [none]
[debug] [2025-11-30T23:04:11.488Z] >>> [apiv2][(partial)header] POST https://serviceusage.googleapis.com/v1beta1/projects/709401169654/services/pubsub.googleapis.com:generateServiceIdentity x-goog-quota-user=projects/709401169654
[debug] [2025-11-30T23:04:11.489Z] >>> [apiv2][body] POST https://serviceusage.googleapis.com/v1beta1/projects/709401169654/services/pubsub.googleapis.com:generateServiceIdentity {}
[debug] [2025-11-30T23:04:11.494Z] >>> [apiv2][query] POST https://serviceusage.googleapis.com/v1beta1/projects/709401169654/services/eventarc.googleapis.com:generateServiceIdentity [none]
[debug] [2025-11-30T23:04:11.494Z] >>> [apiv2][(partial)header] POST https://serviceusage.googleapis.com/v1beta1/projects/709401169654/services/eventarc.googleapis.com:generateServiceIdentity x-goog-quota-user=projects/709401169654
[debug] [2025-11-30T23:04:11.494Z] >>> [apiv2][body] POST https://serviceusage.googleapis.com/v1beta1/projects/709401169654/services/eventarc.googleapis.com:generateServiceIdentity {}
[debug] [2025-11-30T23:04:12.462Z] <<< [apiv2][status] POST https://serviceusage.googleapis.com/v1beta1/projects/709401169654/services/pubsub.googleapis.com:generateServiceIdentity 200
[debug] [2025-11-30T23:04:12.462Z] <<< [apiv2][body] POST https://serviceusage.googleapis.com/v1beta1/projects/709401169654/services/pubsub.googleapis.com:generateServiceIdentity {"name":"operations/finished.DONE_OPERATION","done":true,"response":{"@type":"type.googleapis.com/google.api.serviceusage.v1beta1.ServiceIdentity","email":"service-709401169654@gcp-sa-pubsub.iam.gserviceaccount.com","uniqueId":"115531454306288001479"}}
[debug] [2025-11-30T23:04:12.689Z] <<< [apiv2][status] POST https://serviceusage.googleapis.com/v1beta1/projects/709401169654/services/eventarc.googleapis.com:generateServiceIdentity 200
[debug] [2025-11-30T23:04:12.690Z] <<< [apiv2][body] POST https://serviceusage.googleapis.com/v1beta1/projects/709401169654/services/eventarc.googleapis.com:generateServiceIdentity {"name":"operations/finished.DONE_OPERATION","done":true,"response":{"@type":"type.googleapis.com/google.api.serviceusage.v1beta1.ServiceIdentity","email":"service-709401169654@gcp-sa-eventarc.iam.gserviceaccount.com","uniqueId":"104161368534659521910"}}
[debug] [2025-11-30T23:04:12.696Z] Checked if tokens are valid: true, expires at: 1764547406488
[debug] [2025-11-30T23:04:12.696Z] Checked if tokens are valid: true, expires at: 1764547406488
[debug] [2025-11-30T23:04:12.696Z] >>> [apiv2][query] GET https://cloudresourcemanager.googleapis.com/v1/projects/vinylogix-v1 [none]
[debug] [2025-11-30T23:04:13.361Z] <<< [apiv2][status] GET https://cloudresourcemanager.googleapis.com/v1/projects/vinylogix-v1 200
[debug] [2025-11-30T23:04:13.362Z] <<< [apiv2][body] GET https://cloudresourcemanager.googleapis.com/v1/projects/vinylogix-v1 {"projectNumber":"709401169654","projectId":"vinylogix-v1","lifecycleState":"ACTIVE","name":"Vinylogix V1","labels":{"monospace-workspace-id":"vinylogix-v1-62914042","firebase":"enabled","firebase-core":"disabled"},"createTime":"2025-09-07T21:00:19.489299Z"}
[debug] [2025-11-30T23:04:13.362Z] Checked if tokens are valid: true, expires at: 1764547406488
[debug] [2025-11-30T23:04:13.362Z] Checked if tokens are valid: true, expires at: 1764547406488
[debug] [2025-11-30T23:04:13.363Z] >>> [apiv2][query] GET https://compute.googleapis.com/compute/v1/projects/709401169654 [none]
[debug] [2025-11-30T23:04:13.526Z] <<< [apiv2][status] GET https://compute.googleapis.com/compute/v1/projects/709401169654 403
[debug] [2025-11-30T23:04:13.526Z] <<< [apiv2][body] GET https://compute.googleapis.com/compute/v1/projects/709401169654 {"error":{"code":403,"message":"Compute Engine API has not been used in project 709401169654 before or it is disabled. Enable it by visiting https://console.developers.google.com/apis/api/compute.googleapis.com/overview?project=709401169654 then retry. If you enabled this API recently, wait a few minutes for the action to propagate to our systems and retry.","errors":[{"message":"Compute Engine API has not been used in project 709401169654 before or it is disabled. Enable it by visiting https://console.developers.google.com/apis/api/compute.googleapis.com/overview?project=709401169654 then retry. If you enabled this API recently, wait a few minutes for the action to propagate to our systems and retry.","domain":"usageLimits","reason":"accessNotConfigured","extendedHelp":"https://console.developers.google.com"}],"status":"PERMISSION_DENIED","details":[{"@type":"type.googleapis.com/google.rpc.ErrorInfo","reason":"SERVICE_DISABLED","domain":"googleapis.com","metadata":{"service":"compute.googleapis.com","serviceTitle":"Compute Engine API","activationUrl":"https://console.developers.google.com/apis/api/compute.googleapis.com/overview?project=709401169654","containerInfo":"709401169654","consumer":"projects/709401169654"}},{"@type":"type.googleapis.com/google.rpc.LocalizedMessage","locale":"en-US","message":"Compute Engine API has not been used in project 709401169654 before or it is disabled. Enable it by visiting https://console.developers.google.com/apis/api/compute.googleapis.com/overview?project=709401169654 then retry. If you enabled this API recently, wait a few minutes for the action to propagate to our systems and retry."},{"@type":"type.googleapis.com/google.rpc.Help","links":[{"description":"Google developers console API activation","url":"https://console.developers.google.com/apis/api/compute.googleapis.com/overview?project=709401169654"}]}]}}
[debug] [2025-11-30T23:04:13.527Z] unable to look up default compute service account. Falling back to 709401169654-compute@developer.gserviceaccount.com. Error: {"name":"FirebaseError","children":[],"context":{"body":{"error":{"code":403,"message":"Compute Engine API has not been used in project 709401169654 before or it is disabled. Enable it by visiting https://console.developers.google.com/apis/api/compute.googleapis.com/overview?project=709401169654 then retry. If you enabled this API recently, wait a few minutes for the action to propagate to our systems and retry.","errors":[{"message":"Compute Engine API has not been used in project 709401169654 before or it is disabled. Enable it by visiting https://console.developers.google.com/apis/api/compute.googleapis.com/overview?project=709401169654 then retry. If you enabled this API recently, wait a few minutes for the action to propagate to our systems and retry.","domain":"usageLimits","reason":"accessNotConfigured","extendedHelp":"https://console.developers.google.com"}],"status":"PERMISSION_DENIED","details":[{"@type":"type.googleapis.com/google.rpc.ErrorInfo","reason":"SERVICE_DISABLED","domain":"googleapis.com","metadata":{"service":"compute.googleapis.com","serviceTitle":"Compute Engine API","activationUrl":"https://console.developers.google.com/apis/api/compute.googleapis.com/overview?project=709401169654","containerInfo":"709401169654","consumer":"projects/709401169654"}},{"@type":"type.googleapis.com/google.rpc.LocalizedMessage","locale":"en-US","message":"Compute Engine API has not been used in project 709401169654 before or it is disabled. Enable it by visiting https://console.developers.google.com/apis/api/compute.googleapis.com/overview?project=709401169654 then retry. If you enabled this API recently, wait a few minutes for the action to propagate to our systems and retry."},{"@type":"type.googleapis.com/google.rpc.Help","links":[{"description":"Google developers console API activation","url":"https://console.developers.google.com/apis/api/compute.googleapis.com/overview?project=709401169654"}]}]}},"response":{"statusCode":403}},"exit":1,"message":"Request to https://compute.googleapis.com/compute/v1/projects/709401169654 had HTTP Error: 403, Compute Engine API has not been used in project 709401169654 before or it is disabled. Enable it by visiting https://console.developers.google.com/apis/api/compute.googleapis.com/overview?project=709401169654 then retry. If you enabled this API recently, wait a few minutes for the action to propagate to our systems and retry.","status":403}
[debug] [2025-11-30T23:04:13.531Z] Checked if tokens are valid: true, expires at: 1764547406488
[debug] [2025-11-30T23:04:13.531Z] Checked if tokens are valid: true, expires at: 1764547406488
[debug] [2025-11-30T23:04:13.532Z] >>> [apiv2][query] GET https://cloudbilling.googleapis.com/v1/projects/vinylogix-v1/billingInfo [none]
[debug] [2025-11-30T23:04:14.173Z] <<< [apiv2][status] GET https://cloudbilling.googleapis.com/v1/projects/vinylogix-v1/billingInfo 200
[debug] [2025-11-30T23:04:14.173Z] <<< [apiv2][body] GET https://cloudbilling.googleapis.com/v1/projects/vinylogix-v1/billingInfo {"name":"projects/vinylogix-v1/billingInfo","projectId":"vinylogix-v1","billingAccountName":"billingAccounts/0171D7-CD6AFB-C562EB","billingEnabled":true}
[debug] [2025-11-30T23:04:14.178Z] Checked if tokens are valid: true, expires at: 1764547406488
[debug] [2025-11-30T23:04:14.178Z] Checked if tokens are valid: true, expires at: 1764547406488
[debug] [2025-11-30T23:04:14.179Z] >>> [apiv2][query] POST https://cloudfunctions.googleapis.com/v2/projects/vinylogix-v1/locations/europe-west4/functions:generateUploadUrl [none]
[debug] [2025-11-30T23:04:17.400Z] <<< [apiv2][status] POST https://cloudfunctions.googleapis.com/v2/projects/vinylogix-v1/locations/europe-west4/functions:generateUploadUrl 200
[debug] [2025-11-30T23:04:17.401Z] <<< [apiv2][body] POST https://cloudfunctions.googleapis.com/v2/projects/vinylogix-v1/locations/europe-west4/functions:generateUploadUrl {"uploadUrl":"https://storage.googleapis.com/gcf-v2-uploads-709401169654.europe-west4.cloudfunctions.appspot.com/3c983ae4-214c-453d-ab14-9d167804be30.zip?GoogleAccessId=service-709401169654@gcf-admin-robot.iam.gserviceaccount.com&Expires=1764545657&Signature=awIbITGX8%2BWDMOQBMuhH0cqXtVv0qvHOao0Ogjz6b%2FAAlIsBC5feoFJimc5gC0l2BXxss59SmN6KQ8PcOZCf14fE7tGFmZI1WMDfNJSBLbr8lWMbPiHflFtwGm9z3JcO1mjO3x0HcqtGoPoPg2mrYVfCSif2JhuL3OJEBk9kTGbbmY6MjbtLdp0kgDgu3QrwvlxFNu3eiMd%2F%2B39A8i98GcT5%2B3svc3gM90jlnMCJhZbXy00lPoWf%2F62SHPvZNgQuQZ6qKnc5r4wMMtjDKpBSpJ74VgcAu8nz3yVUL12tgTqlN2YzsfPdYm7fmvFf79t8iPsZoq1e%2BKKS1joPyPlE6g%3D%3D","storageSource":{"bucket":"gcf-v2-uploads-709401169654.europe-west4.cloudfunctions.appspot.com","object":"3c983ae4-214c-453d-ab14-9d167804be30.zip"}}
[debug] [2025-11-30T23:04:17.405Z] >>> [apiv2][query] PUT https://storage.googleapis.com/gcf-v2-uploads-709401169654.europe-west4.cloudfunctions.appspot.com/3c983ae4-214c-453d-ab14-9d167804be30.zip GoogleAccessId=service-709401169654%40gcf-admin-robot.iam.gserviceaccount.com&Expires=1764545657&Signature=awIbITGX8%2BWDMOQBMuhH0cqXtVv0qvHOao0Ogjz6b%2FAAlIsBC5feoFJimc5gC0l2BXxss59SmN6KQ8PcOZCf14fE7tGFmZI1WMDfNJSBLbr8lWMbPiHflFtwGm9z3JcO1mjO3x0HcqtGoPoPg2mrYVfCSif2JhuL3OJEBk9kTGbbmY6MjbtLdp0kgDgu3QrwvlxFNu3eiMd%2F%2B39A8i98GcT5%2B3svc3gM90jlnMCJhZbXy00lPoWf%2F62SHPvZNgQuQZ6qKnc5r4wMMtjDKpBSpJ74VgcAu8nz3yVUL12tgTqlN2YzsfPdYm7fmvFf79t8iPsZoq1e%2BKKS1joPyPlE6g%3D%3D
[debug] [2025-11-30T23:04:17.405Z] >>> [apiv2][body] PUT https://storage.googleapis.com/gcf-v2-uploads-709401169654.europe-west4.cloudfunctions.appspot.com/3c983ae4-214c-453d-ab14-9d167804be30.zip [stream]
[debug] [2025-11-30T23:04:17.620Z] <<< [apiv2][status] PUT https://storage.googleapis.com/gcf-v2-uploads-709401169654.europe-west4.cloudfunctions.appspot.com/3c983ae4-214c-453d-ab14-9d167804be30.zip 200
[debug] [2025-11-30T23:04:17.621Z] <<< [apiv2][body] PUT https://storage.googleapis.com/gcf-v2-uploads-709401169654.europe-west4.cloudfunctions.appspot.com/3c983ae4-214c-453d-ab14-9d167804be30.zip [omitted]
[info] ✔  functions: functions folder uploaded successfully 
[info] i  functions: creating Node.js 20 (2nd Gen) function getAllUsers(europe-west4)... 
[debug] [2025-11-30T23:04:17.642Z] Checked if tokens are valid: true, expires at: 1764547406488
[debug] [2025-11-30T23:04:17.643Z] Checked if tokens are valid: true, expires at: 1764547406488
[debug] [2025-11-30T23:04:17.643Z] >>> [apiv2][query] POST https://cloudfunctions.googleapis.com/v2/projects/vinylogix-v1/locations/europe-west4/functions functionId=getAllUsers
[debug] [2025-11-30T23:04:17.644Z] >>> [apiv2][body] POST https://cloudfunctions.googleapis.com/v2/projects/vinylogix-v1/locations/europe-west4/functions {"name":"projects/vinylogix-v1/locations/europe-west4/functions/getAllUsers","buildConfig":{"runtime":"nodejs20","entryPoint":"getAllUsers","source":{"storageSource":{"bucket":"gcf-v2-uploads-709401169654.europe-west4.cloudfunctions.appspot.com","object":"3c983ae4-214c-453d-ab14-9d167804be30.zip"}},"environmentVariables":{"GOOGLE_NODE_RUN_SCRIPTS":""}},"serviceConfig":{"environmentVariables":{"FIREBASE_CONFIG":"{\"projectId\":\"vinylogix-v1\",\"storageBucket\":\"vinylogix-v1.firebasestorage.app\"}","GCLOUD_PROJECT":"vinylogix-v1","EVENTARC_CLOUD_EVENT_SOURCE":"projects/vinylogix-v1/locations/europe-west4/services/getAllUsers","FUNCTION_TARGET":"getAllUsers","LOG_EXECUTION_ID":"true"},"ingressSettings":null,"timeoutSeconds":null,"serviceAccountEmail":null,"availableMemory":"256Mi","minInstanceCount":null,"maxInstanceCount":null,"maxInstanceRequestConcurrency":80,"availableCpu":"1","vpcConnector":null,"vpcConnectorEgressSettings":null},"labels":{"deployment-tool":"cli-firebase--project-idx","deployment-callable":"true","firebase-functions-hash":"bc98bc9d5b9afe6c3e177d6455b742caad107865"}}
[debug] [2025-11-30T23:04:20.473Z] <<< [apiv2][status] POST https://cloudfunctions.googleapis.com/v2/projects/vinylogix-v1/locations/europe-west4/functions 200
[debug] [2025-11-30T23:04:20.474Z] <<< [apiv2][body] POST https://cloudfunctions.googleapis.com/v2/projects/vinylogix-v1/locations/europe-west4/functions {"name":"projects/vinylogix-v1/locations/europe-west4/operations/operation-1764543857686-644d7e1d3f820-6ec27cb0-52b0c489","metadata":{"@type":"type.googleapis.com/google.cloud.functions.v2.OperationMetadata","createTime":"2025-11-30T23:04:20.454788769Z","target":"projects/vinylogix-v1/locations/europe-west4/functions/getAllUsers","verb":"create","cancelRequested":false,"apiVersion":"v2"},"done":false}
[debug] [2025-11-30T23:04:20.476Z] Checked if tokens are valid: true, expires at: 1764547406488
[debug] [2025-11-30T23:04:20.477Z] Checked if tokens are valid: true, expires at: 1764547406488
[debug] [2025-11-30T23:04:20.479Z] >>> [apiv2][query] GET https://cloudfunctions.googleapis.com/v2/projects/vinylogix-v1/locations/europe-west4/operations/operation-1764543857686-644d7e1d3f820-6ec27cb0-52b0c489 [none]
[debug] [2025-11-30T23:04:20.554Z] <<< [apiv2][status] GET https://cloudfunctions.googleapis.com/v2/projects/vinylogix-v1/locations/europe-west4/operations/operation-1764543857686-644d7e1d3f820-6ec27cb0-52b0c489 200
[debug] [2025-11-30T23:04:20.557Z] <<< [apiv2][body] GET https://cloudfunctions.googleapis.com/v2/projects/vinylogix-v1/locations/europe-west4/operations/operation-1764543857686-644d7e1d3f820-6ec27cb0-52b0c489 {"name":"projects/vinylogix-v1/locations/europe-west4/operations/operation-1764543857686-644d7e1d3f820-6ec27cb0-52b0c489","metadata":{"@type":"type.googleapis.com/google.cloud.functions.v2.OperationMetadata","createTime":"2025-11-30T23:04:20.454788769Z","target":"projects/vinylogix-v1/locations/europe-west4/functions/getAllUsers","verb":"create","cancelRequested":false,"apiVersion":"v2"},"done":false}
[debug] [2025-11-30T23:04:21.065Z] [create-default-europe-west4-getAllUsers] Retrying task index 0
[debug] [2025-11-30T23:04:21.067Z] Checked if tokens are valid: true, expires at: 1764547406488
[debug] [2025-11-30T23:04:21.068Z] Checked if tokens are valid: true, expires at: 1764547406488
[debug] [2025-11-30T23:04:21.071Z] >>> [apiv2][query] GET https://cloudfunctions.googleapis.com/v2/projects/vinylogix-v1/locations/europe-west4/operations/operation-1764543857686-644d7e1d3f820-6ec27cb0-52b0c489 [none]
[debug] [2025-11-30T23:04:21.110Z] <<< [apiv2][status] GET https://cloudfunctions.googleapis.com/v2/projects/vinylogix-v1/locations/europe-west4/operations/operation-1764543857686-644d7e1d3f820-6ec27cb0-52b0c489 200
[debug] [2025-11-30T23:04:21.112Z] <<< [apiv2][body] GET https://cloudfunctions.googleapis.com/v2/projects/vinylogix-v1/locations/europe-west4/operations/operation-1764543857686-644d7e1d3f820-6ec27cb0-52b0c489 {"name":"projects/vinylogix-v1/locations/europe-west4/operations/operation-1764543857686-644d7e1d3f820-6ec27cb0-52b0c489","metadata":{"@type":"type.googleapis.com/google.cloud.functions.v2.OperationMetadata","createTime":"2025-11-30T23:04:20.454788769Z","target":"projects/vinylogix-v1/locations/europe-west4/functions/getAllUsers","verb":"create","cancelRequested":false,"apiVersion":"v2","requestResource":{"@type":"type.googleapis.com/google.cloud.functions.v2.Function","name":"projects/vinylogix-v1/locations/europe-west4/functions/getAllUsers","buildConfig":{"runtime":"nodejs20","entryPoint":"getAllUsers","source":{"storageSource":{"bucket":"gcf-v2-sources-709401169654-europe-west4","object":"getAllUsers/function-source.zip","generation":"1764543859613927"}},"environmentVariables":{"GOOGLE_NODE_RUN_SCRIPTS":""},"serviceAccount":"projects/vinylogix-v1/serviceAccounts/709401169654-compute@developer.gserviceaccount.com","automaticUpdatePolicy":{}},"serviceConfig":{"service":"projects/vinylogix-v1/locations/europe-west4/services/getallusers","timeoutSeconds":60,"environmentVariables":{"FIREBASE_CONFIG":"{\"projectId\":\"vinylogix-v1\",\"storageBucket\":\"vinylogix-v1.firebasestorage.app\"}","GCLOUD_PROJECT":"vinylogix-v1","EVENTARC_CLOUD_EVENT_SOURCE":"projects/vinylogix-v1/locations/europe-west4/services/getAllUsers","FUNCTION_TARGET":"getAllUsers","LOG_EXECUTION_ID":"true"},"ingressSettings":"ALLOW_ALL","serviceAccountEmail":"709401169654-compute@developer.gserviceaccount.com","availableMemory":"256Mi","maxInstanceRequestConcurrency":80,"availableCpu":"1"},"labels":{"deployment-tool":"cli-firebase--project-idx","deployment-callable":"true","firebase-functions-hash":"bc98bc9d5b9afe6c3e177d6455b742caad107865"},"environment":"GEN_2"},"stages":[{"name":"BUILD","state":"NOT_STARTED"},{"name":"SERVICE","state":"NOT_STARTED"}],"operationType":"CREATE_FUNCTION"},"done":false}
[debug] [2025-11-30T23:04:22.116Z] [create-default-europe-west4-getAllUsers] Retrying task index 0
[debug] [2025-11-30T23:04:22.117Z] Checked if tokens are valid: true, expires at: 1764547406488
[debug] [2025-11-30T23:04:22.120Z] Checked if tokens are valid: true, expires at: 1764547406488
[debug] [2025-11-30T23:04:22.127Z] >>> [apiv2][query] GET https://cloudfunctions.googleapis.com/v2/projects/vinylogix-v1/locations/europe-west4/operations/operation-1764543857686-644d7e1d3f820-6ec27cb0-52b0c489 [none]
[debug] [2025-11-30T23:04:22.178Z] <<< [apiv2][status] GET https://cloudfunctions.googleapis.com/v2/projects/vinylogix-v1/locations/europe-west4/operations/operation-1764543857686-644d7e1d3f820-6ec27cb0-52b0c489 200
[debug] [2025-11-30T23:04:22.178Z] <<< [apiv2][body] GET https://cloudfunctions.googleapis.com/v2/projects/vinylogix-v1/locations/europe-west4/operations/operation-1764543857686-644d7e1d3f820-6ec27cb0-52b0c489 {"name":"projects/vinylogix-v1/locations/europe-west4/operations/operation-1764543857686-644d7e1d3f820-6ec27cb0-52b0c489","metadata":{"@type":"type.googleapis.com/google.cloud.functions.v2.OperationMetadata","createTime":"2025-11-30T23:04:20.454788769Z","target":"projects/vinylogix-v1/locations/europe-west4/functions/getAllUsers","verb":"create","cancelRequested":false,"apiVersion":"v2","requestResource":{"@type":"type.googleapis.com/google.cloud.functions.v2.Function","name":"projects/vinylogix-v1/locations/europe-west4/functions/getAllUsers","buildConfig":{"runtime":"nodejs20","entryPoint":"getAllUsers","source":{"storageSource":{"bucket":"gcf-v2-sources-709401169654-europe-west4","object":"getAllUsers/function-source.zip","generation":"1764543859613927"}},"environmentVariables":{"GOOGLE_NODE_RUN_SCRIPTS":""},"serviceAccount":"projects/vinylogix-v1/serviceAccounts/709401169654-compute@developer.gserviceaccount.com","automaticUpdatePolicy":{}},"serviceConfig":{"service":"projects/vinylogix-v1/locations/europe-west4/services/getallusers","timeoutSeconds":60,"environmentVariables":{"FIREBASE_CONFIG":"{\"projectId\":\"vinylogix-v1\",\"storageBucket\":\"vinylogix-v1.firebasestorage.app\"}","GCLOUD_PROJECT":"vinylogix-v1","EVENTARC_CLOUD_EVENT_SOURCE":"projects/vinylogix-v1/locations/europe-west4/services/getAllUsers","FUNCTION_TARGET":"getAllUsers","LOG_EXECUTION_ID":"true"},"ingressSettings":"ALLOW_ALL","serviceAccountEmail":"709401169654-compute@developer.gserviceaccount.com","availableMemory":"256Mi","maxInstanceRequestConcurrency":80,"availableCpu":"1"},"labels":{"deployment-tool":"cli-firebase--project-idx","deployment-callable":"true","firebase-functions-hash":"bc98bc9d5b9afe6c3e177d6455b742caad107865"},"environment":"GEN_2"},"stages":[{"name":"BUILD","state":"NOT_STARTED"},{"name":"SERVICE","state":"NOT_STARTED"}],"operationType":"CREATE_FUNCTION"},"done":false}
[debug] [2025-11-30T23:04:24.183Z] [create-default-europe-west4-getAllUsers] Retrying task index 0
[debug] [2025-11-30T23:04:24.184Z] Checked if tokens are valid: true, expires at: 1764547406488
[debug] [2025-11-30T23:04:24.184Z] Checked if tokens are valid: true, expires at: 1764547406488
[debug] [2025-11-30T23:04:24.186Z] >>> [apiv2][query] GET https://cloudfunctions.googleapis.com/v2/projects/vinylogix-v1/locations/europe-west4/operations/operation-1764543857686-644d7e1d3f820-6ec27cb0-52b0c489 [none]
[debug] [2025-11-30T23:04:24.214Z] <<< [apiv2][status] GET https://cloudfunctions.googleapis.com/v2/projects/vinylogix-v1/locations/europe-west4/operations/operation-1764543857686-644d7e1d3f820-6ec27cb0-52b0c489 200
[debug] [2025-11-30T23:04:24.216Z] <<< [apiv2][body] GET https://cloudfunctions.googleapis.com/v2/projects/vinylogix-v1/locations/europe-west4/operations/operation-1764543857686-644d7e1d3f820-6ec27cb0-52b0c489 {"name":"projects/vinylogix-v1/locations/europe-west4/operations/operation-1764543857686-644d7e1d3f820-6ec27cb0-52b0c489","metadata":{"@type":"type.googleapis.com/google.cloud.functions.v2.OperationMetadata","createTime":"2025-11-30T23:04:20.454788769Z","target":"projects/vinylogix-v1/locations/europe-west4/functions/getAllUsers","verb":"create","cancelRequested":false,"apiVersion":"v2","requestResource":{"@type":"type.googleapis.com/google.cloud.functions.v2.Function","name":"projects/vinylogix-v1/locations/europe-west4/functions/getAllUsers","buildConfig":{"runtime":"nodejs20","entryPoint":"getAllUsers","source":{"storageSource":{"bucket":"gcf-v2-sources-709401169654-europe-west4","object":"getAllUsers/function-source.zip","generation":"1764543859613927"}},"environmentVariables":{"GOOGLE_NODE_RUN_SCRIPTS":""},"serviceAccount":"projects/vinylogix-v1/serviceAccounts/709401169654-compute@developer.gserviceaccount.com","automaticUpdatePolicy":{}},"serviceConfig":{"service":"projects/vinylogix-v1/locations/europe-west4/services/getallusers","timeoutSeconds":60,"environmentVariables":{"FIREBASE_CONFIG":"{\"projectId\":\"vinylogix-v1\",\"storageBucket\":\"vinylogix-v1.firebasestorage.app\"}","GCLOUD_PROJECT":"vinylogix-v1","EVENTARC_CLOUD_EVENT_SOURCE":"projects/vinylogix-v1/locations/europe-west4/services/getAllUsers","FUNCTION_TARGET":"getAllUsers","LOG_EXECUTION_ID":"true"},"ingressSettings":"ALLOW_ALL","serviceAccountEmail":"709401169654-compute@developer.gserviceaccount.com","availableMemory":"256Mi","maxInstanceRequestConcurrency":80,"availableCpu":"1"},"labels":{"deployment-tool":"cli-firebase--project-idx","deployment-callable":"true","firebase-functions-hash":"bc98bc9d5b9afe6c3e177d6455b742caad107865"},"environment":"GEN_2"},"stages":[{"name":"BUILD","state":"NOT_STARTED"},{"name":"SERVICE","state":"NOT_STARTED"}],"operationType":"CREATE_FUNCTION"},"done":false}
[debug] [2025-11-30T23:04:28.219Z] [create-default-europe-west4-getAllUsers] Retrying task index 0
[debug] [2025-11-30T23:04:28.221Z] Checked if tokens are valid: true, expires at: 1764547406488
[debug] [2025-11-30T23:04:28.221Z] Checked if tokens are valid: true, expires at: 1764547406488
[debug] [2025-11-30T23:04:28.221Z] >>> [apiv2][query] GET https://cloudfunctions.googleapis.com/v2/projects/vinylogix-v1/locations/europe-west4/operations/operation-1764543857686-644d7e1d3f820-6ec27cb0-52b0c489 [none]
[debug] [2025-11-30T23:04:28.256Z] <<< [apiv2][status] GET https://cloudfunctions.googleapis.com/v2/projects/vinylogix-v1/locations/europe-west4/operations/operation-1764543857686-644d7e1d3f820-6ec27cb0-52b0c489 200
[debug] [2025-11-30T23:04:28.258Z] <<< [apiv2][body] GET https://cloudfunctions.googleapis.com/v2/projects/vinylogix-v1/locations/europe-west4/operations/operation-1764543857686-644d7e1d3f820-6ec27cb0-52b0c489 {"name":"projects/vinylogix-v1/locations/europe-west4/operations/operation-1764543857686-644d7e1d3f820-6ec27cb0-52b0c489","metadata":{"@type":"type.googleapis.com/google.cloud.functions.v2.OperationMetadata","createTime":"2025-11-30T23:04:20.454788769Z","target":"projects/vinylogix-v1/locations/europe-west4/functions/getAllUsers","verb":"create","cancelRequested":false,"apiVersion":"v2","requestResource":{"@type":"type.googleapis.com/google.cloud.functions.v2.Function","name":"projects/vinylogix-v1/locations/europe-west4/functions/getAllUsers","buildConfig":{"runtime":"nodejs20","entryPoint":"getAllUsers","source":{"storageSource":{"bucket":"gcf-v2-sources-709401169654-europe-west4","object":"getAllUsers/function-source.zip","generation":"1764543859613927"}},"environmentVariables":{"GOOGLE_NODE_RUN_SCRIPTS":""},"serviceAccount":"projects/vinylogix-v1/serviceAccounts/709401169654-compute@developer.gserviceaccount.com","automaticUpdatePolicy":{}},"serviceConfig":{"service":"projects/vinylogix-v1/locations/europe-west4/services/getallusers","timeoutSeconds":60,"environmentVariables":{"FIREBASE_CONFIG":"{\"projectId\":\"vinylogix-v1\",\"storageBucket\":\"vinylogix-v1.firebasestorage.app\"}","GCLOUD_PROJECT":"vinylogix-v1","EVENTARC_CLOUD_EVENT_SOURCE":"projects/vinylogix-v1/locations/europe-west4/services/getAllUsers","FUNCTION_TARGET":"getAllUsers","LOG_EXECUTION_ID":"true"},"ingressSettings":"ALLOW_ALL","serviceAccountEmail":"709401169654-compute@developer.gserviceaccount.com","availableMemory":"256Mi","maxInstanceRequestConcurrency":80,"availableCpu":"1"},"labels":{"deployment-tool":"cli-firebase--project-idx","deployment-callable":"true","firebase-functions-hash":"bc98bc9d5b9afe6c3e177d6455b742caad107865"},"environment":"GEN_2"},"stages":[{"name":"BUILD","state":"NOT_STARTED"},{"name":"SERVICE","state":"NOT_STARTED"}],"operationType":"CREATE_FUNCTION"},"done":false}
[debug] [2025-11-30T23:04:36.262Z] [create-default-europe-west4-getAllUsers] Retrying task index 0
[debug] [2025-11-30T23:04:36.265Z] Checked if tokens are valid: true, expires at: 1764547406488
[debug] [2025-11-30T23:04:36.266Z] Checked if tokens are valid: true, expires at: 1764547406488
[debug] [2025-11-30T23:04:36.266Z] >>> [apiv2][query] GET https://cloudfunctions.googleapis.com/v2/projects/vinylogix-v1/locations/europe-west4/operations/operation-1764543857686-644d7e1d3f820-6ec27cb0-52b0c489 [none]
[debug] [2025-11-30T23:04:36.315Z] <<< [apiv2][status] GET https://cloudfunctions.googleapis.com/v2/projects/vinylogix-v1/locations/europe-west4/operations/operation-1764543857686-644d7e1d3f820-6ec27cb0-52b0c489 200
[debug] [2025-11-30T23:04:36.316Z] <<< [apiv2][body] GET https://cloudfunctions.googleapis.com/v2/projects/vinylogix-v1/locations/europe-west4/operations/operation-1764543857686-644d7e1d3f820-6ec27cb0-52b0c489 {"name":"projects/vinylogix-v1/locations/europe-west4/operations/operation-1764543857686-644d7e1d3f820-6ec27cb0-52b0c489","metadata":{"@type":"type.googleapis.com/google.cloud.functions.v2.OperationMetadata","createTime":"2025-11-30T23:04:20.454788769Z","target":"projects/vinylogix-v1/locations/europe-west4/functions/getAllUsers","verb":"create","cancelRequested":false,"apiVersion":"v2","requestResource":{"@type":"type.googleapis.com/google.cloud.functions.v2.Function","name":"projects/vinylogix-v1/locations/europe-west4/functions/getAllUsers","buildConfig":{"runtime":"nodejs20","entryPoint":"getAllUsers","source":{"storageSource":{"bucket":"gcf-v2-sources-709401169654-europe-west4","object":"getAllUsers/function-source.zip","generation":"1764543859613927"}},"environmentVariables":{"GOOGLE_NODE_RUN_SCRIPTS":""},"serviceAccount":"projects/vinylogix-v1/serviceAccounts/709401169654-compute@developer.gserviceaccount.com","automaticUpdatePolicy":{}},"serviceConfig":{"service":"projects/vinylogix-v1/locations/europe-west4/services/getallusers","timeoutSeconds":60,"environmentVariables":{"FIREBASE_CONFIG":"{\"projectId\":\"vinylogix-v1\",\"storageBucket\":\"vinylogix-v1.firebasestorage.app\"}","GCLOUD_PROJECT":"vinylogix-v1","EVENTARC_CLOUD_EVENT_SOURCE":"projects/vinylogix-v1/locations/europe-west4/services/getAllUsers","FUNCTION_TARGET":"getAllUsers","LOG_EXECUTION_ID":"true"},"ingressSettings":"ALLOW_ALL","serviceAccountEmail":"709401169654-compute@developer.gserviceaccount.com","availableMemory":"256Mi","maxInstanceRequestConcurrency":80,"availableCpu":"1"},"labels":{"deployment-tool":"cli-firebase--project-idx","deployment-callable":"true","firebase-functions-hash":"bc98bc9d5b9afe6c3e177d6455b742caad107865"},"environment":"GEN_2"},"stages":[{"name":"BUILD","state":"NOT_STARTED"},{"name":"SERVICE","state":"NOT_STARTED"}],"operationType":"CREATE_FUNCTION"},"done":false}
[debug] [2025-11-30T23:04:46.321Z] [create-default-europe-west4-getAllUsers] Retrying task index 0
[debug] [2025-11-30T23:04:46.323Z] Checked if tokens are valid: true, expires at: 1764547406488
[debug] [2025-11-30T23:04:46.324Z] Checked if tokens are valid: true, expires at: 1764547406488
[debug] [2025-11-30T23:04:46.325Z] >>> [apiv2][query] GET https://cloudfunctions.googleapis.com/v2/projects/vinylogix-v1/locations/europe-west4/operations/operation-1764543857686-644d7e1d3f820-6ec27cb0-52b0c489 [none]
[debug] [2025-11-30T23:04:46.416Z] <<< [apiv2][status] GET https://cloudfunctions.googleapis.com/v2/projects/vinylogix-v1/locations/europe-west4/operations/operation-1764543857686-644d7e1d3f820-6ec27cb0-52b0c489 200
[debug] [2025-11-30T23:04:46.418Z] <<< [apiv2][body] GET https://cloudfunctions.googleapis.com/v2/projects/vinylogix-v1/locations/europe-west4/operations/operation-1764543857686-644d7e1d3f820-6ec27cb0-52b0c489 {"name":"projects/vinylogix-v1/locations/europe-west4/operations/operation-1764543857686-644d7e1d3f820-6ec27cb0-52b0c489","metadata":{"@type":"type.googleapis.com/google.cloud.functions.v2.OperationMetadata","createTime":"2025-11-30T23:04:20.454788769Z","target":"projects/vinylogix-v1/locations/europe-west4/functions/getAllUsers","verb":"create","cancelRequested":false,"apiVersion":"v2","requestResource":{"@type":"type.googleapis.com/google.cloud.functions.v2.Function","name":"projects/vinylogix-v1/locations/europe-west4/functions/getAllUsers","buildConfig":{"runtime":"nodejs20","entryPoint":"getAllUsers","source":{"storageSource":{"bucket":"gcf-v2-sources-709401169654-europe-west4","object":"getAllUsers/function-source.zip","generation":"1764543859613927"}},"environmentVariables":{"GOOGLE_NODE_RUN_SCRIPTS":""},"serviceAccount":"projects/vinylogix-v1/serviceAccounts/709401169654-compute@developer.gserviceaccount.com","automaticUpdatePolicy":{}},"serviceConfig":{"service":"projects/vinylogix-v1/locations/europe-west4/services/getallusers","timeoutSeconds":60,"environmentVariables":{"FIREBASE_CONFIG":"{\"projectId\":\"vinylogix-v1\",\"storageBucket\":\"vinylogix-v1.firebasestorage.app\"}","GCLOUD_PROJECT":"vinylogix-v1","EVENTARC_CLOUD_EVENT_SOURCE":"projects/vinylogix-v1/locations/europe-west4/services/getAllUsers","FUNCTION_TARGET":"getAllUsers","LOG_EXECUTION_ID":"true"},"ingressSettings":"ALLOW_ALL","serviceAccountEmail":"709401169654-compute@developer.gserviceaccount.com","availableMemory":"256Mi","maxInstanceRequestConcurrency":80,"availableCpu":"1"},"labels":{"deployment-tool":"cli-firebase--project-idx","deployment-callable":"true","firebase-functions-hash":"bc98bc9d5b9afe6c3e177d6455b742caad107865"},"environment":"GEN_2"},"stages":[{"name":"BUILD","state":"NOT_STARTED"},{"name":"SERVICE","state":"NOT_STARTED"}],"operationType":"CREATE_FUNCTION"},"done":false}
[debug] [2025-11-30T23:04:56.424Z] [create-default-europe-west4-getAllUsers] Retrying task index 0
[debug] [2025-11-30T23:04:56.425Z] Checked if tokens are valid: true, expires at: 1764547406488
[debug] [2025-11-30T23:04:56.425Z] Checked if tokens are valid: true, expires at: 1764547406488
[debug] [2025-11-30T23:04:56.427Z] >>> [apiv2][query] GET https://cloudfunctions.googleapis.com/v2/projects/vinylogix-v1/locations/europe-west4/operations/operation-1764543857686-644d7e1d3f820-6ec27cb0-52b0c489 [none]
[debug] [2025-11-30T23:04:56.489Z] <<< [apiv2][status] GET https://cloudfunctions.googleapis.com/v2/projects/vinylogix-v1/locations/europe-west4/operations/operation-1764543857686-644d7e1d3f820-6ec27cb0-52b0c489 200
[debug] [2025-11-30T23:04:56.490Z] <<< [apiv2][body] GET https://cloudfunctions.googleapis.com/v2/projects/vinylogix-v1/locations/europe-west4/operations/operation-1764543857686-644d7e1d3f820-6ec27cb0-52b0c489 {"name":"projects/vinylogix-v1/locations/europe-west4/operations/operation-1764543857686-644d7e1d3f820-6ec27cb0-52b0c489","metadata":{"@type":"type.googleapis.com/google.cloud.functions.v2.OperationMetadata","createTime":"2025-11-30T23:04:20.454788769Z","target":"projects/vinylogix-v1/locations/europe-west4/functions/getAllUsers","verb":"create","cancelRequested":false,"apiVersion":"v2","requestResource":{"@type":"type.googleapis.com/google.cloud.functions.v2.Function","name":"projects/vinylogix-v1/locations/europe-west4/functions/getAllUsers","buildConfig":{"runtime":"nodejs20","entryPoint":"getAllUsers","source":{"storageSource":{"bucket":"gcf-v2-sources-709401169654-europe-west4","object":"getAllUsers/function-source.zip","generation":"1764543859613927"}},"environmentVariables":{"GOOGLE_NODE_RUN_SCRIPTS":""},"serviceAccount":"projects/vinylogix-v1/serviceAccounts/709401169654-compute@developer.gserviceaccount.com","automaticUpdatePolicy":{}},"serviceConfig":{"service":"projects/vinylogix-v1/locations/europe-west4/services/getallusers","timeoutSeconds":60,"environmentVariables":{"FIREBASE_CONFIG":"{\"projectId\":\"vinylogix-v1\",\"storageBucket\":\"vinylogix-v1.firebasestorage.app\"}","GCLOUD_PROJECT":"vinylogix-v1","EVENTARC_CLOUD_EVENT_SOURCE":"projects/vinylogix-v1/locations/europe-west4/services/getAllUsers","FUNCTION_TARGET":"getAllUsers","LOG_EXECUTION_ID":"true"},"ingressSettings":"ALLOW_ALL","serviceAccountEmail":"709401169654-compute@developer.gserviceaccount.com","availableMemory":"256Mi","maxInstanceRequestConcurrency":80,"availableCpu":"1"},"labels":{"deployment-tool":"cli-firebase--project-idx","deployment-callable":"true","firebase-functions-hash":"bc98bc9d5b9afe6c3e177d6455b742caad107865"},"environment":"GEN_2"},"stages":[{"name":"BUILD","state":"NOT_STARTED"},{"name":"SERVICE","state":"NOT_STARTED"}],"operationType":"CREATE_FUNCTION"},"done":false}
[debug] [2025-11-30T23:05:06.495Z] [create-default-europe-west4-getAllUsers] Retrying task index 0
[debug] [2025-11-30T23:05:06.496Z] Checked if tokens are valid: true, expires at: 1764547406488
[debug] [2025-11-30T23:05:06.499Z] Checked if tokens are valid: true, expires at: 1764547406488
[debug] [2025-11-30T23:05:06.502Z] >>> [apiv2][query] GET https://cloudfunctions.googleapis.com/v2/projects/vinylogix-v1/locations/europe-west4/operations/operation-1764543857686-644d7e1d3f820-6ec27cb0-52b0c489 [none]
[debug] [2025-11-30T23:05:06.617Z] <<< [apiv2][status] GET https://cloudfunctions.googleapis.com/v2/projects/vinylogix-v1/locations/europe-west4/operations/operation-1764543857686-644d7e1d3f820-6ec27cb0-52b0c489 200
[debug] [2025-11-30T23:05:06.621Z] <<< [apiv2][body] GET https://cloudfunctions.googleapis.com/v2/projects/vinylogix-v1/locations/europe-west4/operations/operation-1764543857686-644d7e1d3f820-6ec27cb0-52b0c489 {"name":"projects/vinylogix-v1/locations/europe-west4/operations/operation-1764543857686-644d7e1d3f820-6ec27cb0-52b0c489","metadata":{"@type":"type.googleapis.com/google.cloud.functions.v2.OperationMetadata","createTime":"2025-11-30T23:04:20.454788769Z","target":"projects/vinylogix-v1/locations/europe-west4/functions/getAllUsers","verb":"create","cancelRequested":false,"apiVersion":"v2","requestResource":{"@type":"type.googleapis.com/google.cloud.functions.v2.Function","name":"projects/vinylogix-v1/locations/europe-west4/functions/getAllUsers","buildConfig":{"runtime":"nodejs20","entryPoint":"getAllUsers","source":{"storageSource":{"bucket":"gcf-v2-sources-709401169654-europe-west4","object":"getAllUsers/function-source.zip","generation":"1764543859613927"}},"environmentVariables":{"GOOGLE_NODE_RUN_SCRIPTS":""},"serviceAccount":"projects/vinylogix-v1/serviceAccounts/709401169654-compute@developer.gserviceaccount.com","automaticUpdatePolicy":{}},"serviceConfig":{"service":"projects/vinylogix-v1/locations/europe-west4/services/getallusers","timeoutSeconds":60,"environmentVariables":{"FIREBASE_CONFIG":"{\"projectId\":\"vinylogix-v1\",\"storageBucket\":\"vinylogix-v1.firebasestorage.app\"}","GCLOUD_PROJECT":"vinylogix-v1","EVENTARC_CLOUD_EVENT_SOURCE":"projects/vinylogix-v1/locations/europe-west4/services/getAllUsers","FUNCTION_TARGET":"getAllUsers","LOG_EXECUTION_ID":"true"},"ingressSettings":"ALLOW_ALL","serviceAccountEmail":"709401169654-compute@developer.gserviceaccount.com","availableMemory":"256Mi","maxInstanceRequestConcurrency":80,"availableCpu":"1"},"labels":{"deployment-tool":"cli-firebase--project-idx","deployment-callable":"true","firebase-functions-hash":"bc98bc9d5b9afe6c3e177d6455b742caad107865"},"environment":"GEN_2"},"stages":[{"name":"BUILD","state":"NOT_STARTED"},{"name":"SERVICE","state":"NOT_STARTED"}],"operationType":"CREATE_FUNCTION"},"done":false}
[debug] [2025-11-30T23:05:16.626Z] [create-default-europe-west4-getAllUsers] Retrying task index 0
[debug] [2025-11-30T23:05:16.628Z] Checked if tokens are valid: true, expires at: 1764547406488
[debug] [2025-11-30T23:05:16.628Z] Checked if tokens are valid: true, expires at: 1764547406488
[debug] [2025-11-30T23:05:16.628Z] >>> [apiv2][query] GET https://cloudfunctions.googleapis.com/v2/projects/vinylogix-v1/locations/europe-west4/operations/operation-1764543857686-644d7e1d3f820-6ec27cb0-52b0c489 [none]
[debug] [2025-11-30T23:05:16.685Z] <<< [apiv2][status] GET https://cloudfunctions.googleapis.com/v2/projects/vinylogix-v1/locations/europe-west4/operations/operation-1764543857686-644d7e1d3f820-6ec27cb0-52b0c489 200
[debug] [2025-11-30T23:05:16.687Z] <<< [apiv2][body] GET https://cloudfunctions.googleapis.com/v2/projects/vinylogix-v1/locations/europe-west4/operations/operation-1764543857686-644d7e1d3f820-6ec27cb0-52b0c489 {"name":"projects/vinylogix-v1/locations/europe-west4/operations/operation-1764543857686-644d7e1d3f820-6ec27cb0-52b0c489","metadata":{"@type":"type.googleapis.com/google.cloud.functions.v2.OperationMetadata","createTime":"2025-11-30T23:04:20.454788769Z","target":"projects/vinylogix-v1/locations/europe-west4/functions/getAllUsers","verb":"create","cancelRequested":false,"apiVersion":"v2","requestResource":{"@type":"type.googleapis.com/google.cloud.functions.v2.Function","name":"projects/vinylogix-v1/locations/europe-west4/functions/getAllUsers","buildConfig":{"runtime":"nodejs20","entryPoint":"getAllUsers","source":{"storageSource":{"bucket":"gcf-v2-sources-709401169654-europe-west4","object":"getAllUsers/function-source.zip","generation":"1764543859613927"}},"environmentVariables":{"GOOGLE_NODE_RUN_SCRIPTS":""},"serviceAccount":"projects/vinylogix-v1/serviceAccounts/709401169654-compute@developer.gserviceaccount.com","automaticUpdatePolicy":{}},"serviceConfig":{"service":"projects/vinylogix-v1/locations/europe-west4/services/getallusers","timeoutSeconds":60,"environmentVariables":{"FIREBASE_CONFIG":"{\"projectId\":\"vinylogix-v1\",\"storageBucket\":\"vinylogix-v1.firebasestorage.app\"}","GCLOUD_PROJECT":"vinylogix-v1","EVENTARC_CLOUD_EVENT_SOURCE":"projects/vinylogix-v1/locations/europe-west4/services/getAllUsers","FUNCTION_TARGET":"getAllUsers","LOG_EXECUTION_ID":"true"},"ingressSettings":"ALLOW_ALL","serviceAccountEmail":"709401169654-compute@developer.gserviceaccount.com","availableMemory":"256Mi","maxInstanceRequestConcurrency":80,"availableCpu":"1"},"labels":{"deployment-tool":"cli-firebase--project-idx","deployment-callable":"true","firebase-functions-hash":"bc98bc9d5b9afe6c3e177d6455b742caad107865"},"environment":"GEN_2"},"stages":[{"name":"BUILD","state":"NOT_STARTED"},{"name":"SERVICE","state":"NOT_STARTED"}],"operationType":"CREATE_FUNCTION"},"done":false}
[debug] [2025-11-30T23:05:26.692Z] [create-default-europe-west4-getAllUsers] Retrying task index 0
[debug] [2025-11-30T23:05:26.692Z] Checked if tokens are valid: true, expires at: 1764547406488
[debug] [2025-11-30T23:05:26.693Z] Checked if tokens are valid: true, expires at: 1764547406488
[debug] [2025-11-30T23:05:26.693Z] >>> [apiv2][query] GET https://cloudfunctions.googleapis.com/v2/projects/vinylogix-v1/locations/europe-west4/operations/operation-1764543857686-644d7e1d3f820-6ec27cb0-52b0c489 [none]
[debug] [2025-11-30T23:05:26.759Z] <<< [apiv2][status] GET https://cloudfunctions.googleapis.com/v2/projects/vinylogix-v1/locations/europe-west4/operations/operation-1764543857686-644d7e1d3f820-6ec27cb0-52b0c489 200
[debug] [2025-11-30T23:05:26.763Z] <<< [apiv2][body] GET https://cloudfunctions.googleapis.com/v2/projects/vinylogix-v1/locations/europe-west4/operations/operation-1764543857686-644d7e1d3f820-6ec27cb0-52b0c489 {"name":"projects/vinylogix-v1/locations/europe-west4/operations/operation-1764543857686-644d7e1d3f820-6ec27cb0-52b0c489","metadata":{"@type":"type.googleapis.com/google.cloud.functions.v2.OperationMetadata","createTime":"2025-11-30T23:04:20.454788769Z","target":"projects/vinylogix-v1/locations/europe-west4/functions/getAllUsers","verb":"create","cancelRequested":false,"apiVersion":"v2","requestResource":{"@type":"type.googleapis.com/google.cloud.functions.v2.Function","name":"projects/vinylogix-v1/locations/europe-west4/functions/getAllUsers","buildConfig":{"runtime":"nodejs20","entryPoint":"getAllUsers","source":{"storageSource":{"bucket":"gcf-v2-sources-709401169654-europe-west4","object":"getAllUsers/function-source.zip","generation":"1764543859613927"}},"environmentVariables":{"GOOGLE_NODE_RUN_SCRIPTS":""},"serviceAccount":"projects/vinylogix-v1/serviceAccounts/709401169654-compute@developer.gserviceaccount.com","automaticUpdatePolicy":{}},"serviceConfig":{"service":"projects/vinylogix-v1/locations/europe-west4/services/getallusers","timeoutSeconds":60,"environmentVariables":{"FIREBASE_CONFIG":"{\"projectId\":\"vinylogix-v1\",\"storageBucket\":\"vinylogix-v1.firebasestorage.app\"}","GCLOUD_PROJECT":"vinylogix-v1","EVENTARC_CLOUD_EVENT_SOURCE":"projects/vinylogix-v1/locations/europe-west4/services/getAllUsers","FUNCTION_TARGET":"getAllUsers","LOG_EXECUTION_ID":"true"},"ingressSettings":"ALLOW_ALL","serviceAccountEmail":"709401169654-compute@developer.gserviceaccount.com","availableMemory":"256Mi","maxInstanceRequestConcurrency":80,"availableCpu":"1"},"labels":{"deployment-tool":"cli-firebase--project-idx","deployment-callable":"true","firebase-functions-hash":"bc98bc9d5b9afe6c3e177d6455b742caad107865"},"environment":"GEN_2"},"stages":[{"name":"BUILD","state":"NOT_STARTED"},{"name":"SERVICE","state":"NOT_STARTED"}],"operationType":"CREATE_FUNCTION"},"done":false}
[debug] [2025-11-30T23:05:36.768Z] [create-default-europe-west4-getAllUsers] Retrying task index 0
[debug] [2025-11-30T23:05:36.771Z] Checked if tokens are valid: true, expires at: 1764547406488
[debug] [2025-11-30T23:05:36.774Z] Checked if tokens are valid: true, expires at: 1764547406488
[debug] [2025-11-30T23:05:36.774Z] >>> [apiv2][query] GET https://cloudfunctions.googleapis.com/v2/projects/vinylogix-v1/locations/europe-west4/operations/operation-1764543857686-644d7e1d3f820-6ec27cb0-52b0c489 [none]
[debug] [2025-11-30T23:05:36.825Z] <<< [apiv2][status] GET https://cloudfunctions.googleapis.com/v2/projects/vinylogix-v1/locations/europe-west4/operations/operation-1764543857686-644d7e1d3f820-6ec27cb0-52b0c489 200
[debug] [2025-11-30T23:05:36.827Z] <<< [apiv2][body] GET https://cloudfunctions.googleapis.com/v2/projects/vinylogix-v1/locations/europe-west4/operations/operation-1764543857686-644d7e1d3f820-6ec27cb0-52b0c489 {"name":"projects/vinylogix-v1/locations/europe-west4/operations/operation-1764543857686-644d7e1d3f820-6ec27cb0-52b0c489","metadata":{"@type":"type.googleapis.com/google.cloud.functions.v2.OperationMetadata","createTime":"2025-11-30T23:04:20.454788769Z","target":"projects/vinylogix-v1/locations/europe-west4/functions/getAllUsers","verb":"create","cancelRequested":false,"apiVersion":"v2","requestResource":{"@type":"type.googleapis.com/google.cloud.functions.v2.Function","name":"projects/vinylogix-v1/locations/europe-west4/functions/getAllUsers","buildConfig":{"runtime":"nodejs20","entryPoint":"getAllUsers","source":{"storageSource":{"bucket":"gcf-v2-sources-709401169654-europe-west4","object":"getAllUsers/function-source.zip","generation":"1764543859613927"}},"environmentVariables":{"GOOGLE_NODE_RUN_SCRIPTS":""},"serviceAccount":"projects/vinylogix-v1/serviceAccounts/709401169654-compute@developer.gserviceaccount.com","automaticUpdatePolicy":{}},"serviceConfig":{"service":"projects/vinylogix-v1/locations/europe-west4/services/getallusers","timeoutSeconds":60,"environmentVariables":{"FIREBASE_CONFIG":"{\"projectId\":\"vinylogix-v1\",\"storageBucket\":\"vinylogix-v1.firebasestorage.app\"}","GCLOUD_PROJECT":"vinylogix-v1","EVENTARC_CLOUD_EVENT_SOURCE":"projects/vinylogix-v1/locations/europe-west4/services/getAllUsers","FUNCTION_TARGET":"getAllUsers","LOG_EXECUTION_ID":"true"},"ingressSettings":"ALLOW_ALL","serviceAccountEmail":"709401169654-compute@developer.gserviceaccount.com","availableMemory":"256Mi","maxInstanceRequestConcurrency":80,"availableCpu":"1"},"labels":{"deployment-tool":"cli-firebase--project-idx","deployment-callable":"true","firebase-functions-hash":"bc98bc9d5b9afe6c3e177d6455b742caad107865"},"environment":"GEN_2"},"stages":[{"name":"BUILD","message":"Build in progress","state":"IN_PROGRESS","resource":"projects/709401169654/locations/europe-west4/builds/71c0b754-1fef-4433-8ab2-353487717a95","resourceUri":"https://console.cloud.google.com/cloud-build/builds;region=europe-west4/71c0b754-1fef-4433-8ab2-353487717a95?project=709401169654"},{"name":"SERVICE","state":"NOT_STARTED"}],"operationType":"CREATE_FUNCTION","buildName":"projects/709401169654/locations/europe-west4/builds/71c0b754-1fef-4433-8ab2-353487717a95"},"done":false}
[debug] [2025-11-30T23:05:46.833Z] [create-default-europe-west4-getAllUsers] Retrying task index 0
[debug] [2025-11-30T23:05:46.834Z] Checked if tokens are valid: true, expires at: 1764547406488
[debug] [2025-11-30T23:05:46.834Z] Checked if tokens are valid: true, expires at: 1764547406488
[debug] [2025-11-30T23:05:46.834Z] >>> [apiv2][query] GET https://cloudfunctions.googleapis.com/v2/projects/vinylogix-v1/locations/europe-west4/operations/operation-1764543857686-644d7e1d3f820-6ec27cb0-52b0c489 [none]
[debug] [2025-11-30T23:05:46.871Z] <<< [apiv2][status] GET https://cloudfunctions.googleapis.com/v2/projects/vinylogix-v1/locations/europe-west4/operations/operation-1764543857686-644d7e1d3f820-6ec27cb0-52b0c489 200
[debug] [2025-11-30T23:05:46.872Z] <<< [apiv2][body] GET https://cloudfunctions.googleapis.com/v2/projects/vinylogix-v1/locations/europe-west4/operations/operation-1764543857686-644d7e1d3f820-6ec27cb0-52b0c489 {"name":"projects/vinylogix-v1/locations/europe-west4/operations/operation-1764543857686-644d7e1d3f820-6ec27cb0-52b0c489","metadata":{"@type":"type.googleapis.com/google.cloud.functions.v2.OperationMetadata","createTime":"2025-11-30T23:04:20.454788769Z","target":"projects/vinylogix-v1/locations/europe-west4/functions/getAllUsers","verb":"create","cancelRequested":false,"apiVersion":"v2","requestResource":{"@type":"type.googleapis.com/google.cloud.functions.v2.Function","name":"projects/vinylogix-v1/locations/europe-west4/functions/getAllUsers","buildConfig":{"runtime":"nodejs20","entryPoint":"getAllUsers","source":{"storageSource":{"bucket":"gcf-v2-sources-709401169654-europe-west4","object":"getAllUsers/function-source.zip","generation":"1764543859613927"}},"environmentVariables":{"GOOGLE_NODE_RUN_SCRIPTS":""},"serviceAccount":"projects/vinylogix-v1/serviceAccounts/709401169654-compute@developer.gserviceaccount.com","automaticUpdatePolicy":{}},"serviceConfig":{"service":"projects/vinylogix-v1/locations/europe-west4/services/getallusers","timeoutSeconds":60,"environmentVariables":{"FIREBASE_CONFIG":"{\"projectId\":\"vinylogix-v1\",\"storageBucket\":\"vinylogix-v1.firebasestorage.app\"}","GCLOUD_PROJECT":"vinylogix-v1","EVENTARC_CLOUD_EVENT_SOURCE":"projects/vinylogix-v1/locations/europe-west4/services/getAllUsers","FUNCTION_TARGET":"getAllUsers","LOG_EXECUTION_ID":"true"},"ingressSettings":"ALLOW_ALL","serviceAccountEmail":"709401169654-compute@developer.gserviceaccount.com","availableMemory":"256Mi","maxInstanceRequestConcurrency":80,"availableCpu":"1"},"labels":{"deployment-tool":"cli-firebase--project-idx","deployment-callable":"true","firebase-functions-hash":"bc98bc9d5b9afe6c3e177d6455b742caad107865"},"environment":"GEN_2"},"stages":[{"name":"BUILD","message":"Build in progress","state":"IN_PROGRESS","resource":"projects/709401169654/locations/europe-west4/builds/71c0b754-1fef-4433-8ab2-353487717a95","resourceUri":"https://console.cloud.google.com/cloud-build/builds;region=europe-west4/71c0b754-1fef-4433-8ab2-353487717a95?project=709401169654"},{"name":"SERVICE","state":"NOT_STARTED"}],"operationType":"CREATE_FUNCTION","buildName":"projects/709401169654/locations/europe-west4/builds/71c0b754-1fef-4433-8ab2-353487717a95"},"done":false}
[debug] [2025-11-30T23:05:56.878Z] [create-default-europe-west4-getAllUsers] Retrying task index 0
[debug] [2025-11-30T23:05:56.881Z] Checked if tokens are valid: true, expires at: 1764547406488
[debug] [2025-11-30T23:05:56.883Z] Checked if tokens are valid: true, expires at: 1764547406488
[debug] [2025-11-30T23:05:56.886Z] >>> [apiv2][query] GET https://cloudfunctions.googleapis.com/v2/projects/vinylogix-v1/locations/europe-west4/operations/operation-1764543857686-644d7e1d3f820-6ec27cb0-52b0c489 [none]
[debug] [2025-11-30T23:05:56.966Z] <<< [apiv2][status] GET https://cloudfunctions.googleapis.com/v2/projects/vinylogix-v1/locations/europe-west4/operations/operation-1764543857686-644d7e1d3f820-6ec27cb0-52b0c489 200
[debug] [2025-11-30T23:05:56.967Z] <<< [apiv2][body] GET https://cloudfunctions.googleapis.com/v2/projects/vinylogix-v1/locations/europe-west4/operations/operation-1764543857686-644d7e1d3f820-6ec27cb0-52b0c489 {"name":"projects/vinylogix-v1/locations/europe-west4/operations/operation-1764543857686-644d7e1d3f820-6ec27cb0-52b0c489","metadata":{"@type":"type.googleapis.com/google.cloud.functions.v2.OperationMetadata","createTime":"2025-11-30T23:04:20.454788769Z","target":"projects/vinylogix-v1/locations/europe-west4/functions/getAllUsers","verb":"create","cancelRequested":false,"apiVersion":"v2","requestResource":{"@type":"type.googleapis.com/google.cloud.functions.v2.Function","name":"projects/vinylogix-v1/locations/europe-west4/functions/getAllUsers","buildConfig":{"runtime":"nodejs20","entryPoint":"getAllUsers","source":{"storageSource":{"bucket":"gcf-v2-sources-709401169654-europe-west4","object":"getAllUsers/function-source.zip","generation":"1764543859613927"}},"environmentVariables":{"GOOGLE_NODE_RUN_SCRIPTS":""},"serviceAccount":"projects/vinylogix-v1/serviceAccounts/709401169654-compute@developer.gserviceaccount.com","automaticUpdatePolicy":{}},"serviceConfig":{"service":"projects/vinylogix-v1/locations/europe-west4/services/getallusers","timeoutSeconds":60,"environmentVariables":{"FIREBASE_CONFIG":"{\"projectId\":\"vinylogix-v1\",\"storageBucket\":\"vinylogix-v1.firebasestorage.app\"}","GCLOUD_PROJECT":"vinylogix-v1","EVENTARC_CLOUD_EVENT_SOURCE":"projects/vinylogix-v1/locations/europe-west4/services/getAllUsers","FUNCTION_TARGET":"getAllUsers","LOG_EXECUTION_ID":"true"},"ingressSettings":"ALLOW_ALL","serviceAccountEmail":"709401169654-compute@developer.gserviceaccount.com","availableMemory":"256Mi","maxInstanceRequestConcurrency":80,"availableCpu":"1"},"labels":{"deployment-tool":"cli-firebase--project-idx","deployment-callable":"true","firebase-functions-hash":"bc98bc9d5b9afe6c3e177d6455b742caad107865"},"environment":"GEN_2"},"stages":[{"name":"BUILD","message":"Build in progress","state":"IN_PROGRESS","resource":"projects/709401169654/locations/europe-west4/builds/71c0b754-1fef-4433-8ab2-353487717a95","resourceUri":"https://console.cloud.google.com/cloud-build/builds;region=europe-west4/71c0b754-1fef-4433-8ab2-353487717a95?project=709401169654"},{"name":"SERVICE","state":"NOT_STARTED"}],"operationType":"CREATE_FUNCTION","buildName":"projects/709401169654/locations/europe-west4/builds/71c0b754-1fef-4433-8ab2-353487717a95"},"done":false}
[debug] [2025-11-30T23:06:06.975Z] [create-default-europe-west4-getAllUsers] Retrying task index 0
[debug] [2025-11-30T23:06:06.976Z] Checked if tokens are valid: true, expires at: 1764547406488
[debug] [2025-11-30T23:06:06.976Z] Checked if tokens are valid: true, expires at: 1764547406488
[debug] [2025-11-30T23:06:06.976Z] >>> [apiv2][query] GET https://cloudfunctions.googleapis.com/v2/projects/vinylogix-v1/locations/europe-west4/operations/operation-1764543857686-644d7e1d3f820-6ec27cb0-52b0c489 [none]
[debug] [2025-11-30T23:06:07.034Z] <<< [apiv2][status] GET https://cloudfunctions.googleapis.com/v2/projects/vinylogix-v1/locations/europe-west4/operations/operation-1764543857686-644d7e1d3f820-6ec27cb0-52b0c489 200
[debug] [2025-11-30T23:06:07.036Z] <<< [apiv2][body] GET https://cloudfunctions.googleapis.com/v2/projects/vinylogix-v1/locations/europe-west4/operations/operation-1764543857686-644d7e1d3f820-6ec27cb0-52b0c489 {"name":"projects/vinylogix-v1/locations/europe-west4/operations/operation-1764543857686-644d7e1d3f820-6ec27cb0-52b0c489","metadata":{"@type":"type.googleapis.com/google.cloud.functions.v2.OperationMetadata","createTime":"2025-11-30T23:04:20.454788769Z","target":"projects/vinylogix-v1/locations/europe-west4/functions/getAllUsers","verb":"create","cancelRequested":false,"apiVersion":"v2","requestResource":{"@type":"type.googleapis.com/google.cloud.functions.v2.Function","name":"projects/vinylogix-v1/locations/europe-west4/functions/getAllUsers","buildConfig":{"runtime":"nodejs20","entryPoint":"getAllUsers","source":{"storageSource":{"bucket":"gcf-v2-sources-709401169654-europe-west4","object":"getAllUsers/function-source.zip","generation":"1764543859613927"}},"environmentVariables":{"GOOGLE_NODE_RUN_SCRIPTS":""},"serviceAccount":"projects/vinylogix-v1/serviceAccounts/709401169654-compute@developer.gserviceaccount.com","automaticUpdatePolicy":{}},"serviceConfig":{"service":"projects/vinylogix-v1/locations/europe-west4/services/getallusers","timeoutSeconds":60,"environmentVariables":{"FIREBASE_CONFIG":"{\"projectId\":\"vinylogix-v1\",\"storageBucket\":\"vinylogix-v1.firebasestorage.app\"}","GCLOUD_PROJECT":"vinylogix-v1","EVENTARC_CLOUD_EVENT_SOURCE":"projects/vinylogix-v1/locations/europe-west4/services/getAllUsers","FUNCTION_TARGET":"getAllUsers","LOG_EXECUTION_ID":"true"},"ingressSettings":"ALLOW_ALL","serviceAccountEmail":"709401169654-compute@developer.gserviceaccount.com","availableMemory":"256Mi","maxInstanceRequestConcurrency":80,"availableCpu":"1"},"labels":{"deployment-tool":"cli-firebase--project-idx","deployment-callable":"true","firebase-functions-hash":"bc98bc9d5b9afe6c3e177d6455b742caad107865"},"environment":"GEN_2"},"stages":[{"name":"BUILD","message":"Build in progress","state":"IN_PROGRESS","resource":"projects/709401169654/locations/europe-west4/builds/71c0b754-1fef-4433-8ab2-353487717a95","resourceUri":"https://console.cloud.google.com/cloud-build/builds;region=europe-west4/71c0b754-1fef-4433-8ab2-353487717a95?project=709401169654"},{"name":"SERVICE","state":"NOT_STARTED"}],"operationType":"CREATE_FUNCTION","buildName":"projects/709401169654/locations/europe-west4/builds/71c0b754-1fef-4433-8ab2-353487717a95"},"done":false}
