[debug] [2025-10-19T01:02:37.279Z] ----------------------------------------------------------------------
[debug] [2025-10-19T01:02:37.285Z] Command:       /nix/store/ws50yvm6vzlzf7jzz6n7xh4szddrack1-nodejs-20.19.1/bin/node /home/user/.global_modules/bin/firebase functions:secrets:set STRIPE_ESSENTIAL_3MONTHS_PRICE_ID
[debug] [2025-10-19T01:02:37.285Z] CLI Version:   14.15.2
[debug] [2025-10-19T01:02:37.286Z] Platform:      linux
[debug] [2025-10-19T01:02:37.287Z] Node Version:  v20.19.1
[debug] [2025-10-19T01:02:37.287Z] Time:          Sun Oct 19 2025 01:02:37 GMT+0000 (Coordinated Universal Time)
[debug] [2025-10-19T01:02:37.287Z] ----------------------------------------------------------------------
[debug] 
[debug] [2025-10-19T01:02:38.022Z] Checked if tokens are valid: false, expires at: 1757290393816
[debug] [2025-10-19T01:02:38.023Z] Checked if tokens are valid: false, expires at: 1757290393816
[debug] [2025-10-19T01:02:38.023Z] > refreshing access token with scopes: []
[debug] [2025-10-19T01:02:38.028Z] >>> [apiv2][query] POST https://www.googleapis.com/oauth2/v3/token [none]
[debug] [2025-10-19T01:02:38.028Z] >>> [apiv2][body] POST https://www.googleapis.com/oauth2/v3/token [omitted]
[debug] [2025-10-19T01:02:38.299Z] <<< [apiv2][status] POST https://www.googleapis.com/oauth2/v3/token 200
[debug] [2025-10-19T01:02:38.300Z] <<< [apiv2][body] POST https://www.googleapis.com/oauth2/v3/token [omitted]
[debug] [2025-10-19T01:02:38.325Z] >>> [apiv2][query] GET https://monospace-pa.googleapis.com/v1/workspaces/vinylogix-v1-62914042 [none]
[debug] [2025-10-19T01:02:39.142Z] <<< [apiv2][status] GET https://monospace-pa.googleapis.com/v1/workspaces/vinylogix-v1-62914042 200
[debug] [2025-10-19T01:02:39.143Z] <<< [apiv2][body] GET https://monospace-pa.googleapis.com/v1/workspaces/vinylogix-v1-62914042 {"workspaceId":"vinylogix-v1-62914042","name":"Vinylogix V1","workspaceRedirectUrl":"firebase-vinylogix-v1-1757114814172.cluster-oayqgyglpfgseqclbygurw4xd4.cloudworkstations.dev","status":"WORKSPACE_STATUS_RUNNING","lastAccessDatetime":"2025-10-18T23:33:56.541308Z","workspaceTemplate":"WORKSPACE_TEMPLATE_CAPRA_BUILDER","owner":"SELF","serviceAccountEmail":"msp-7413876450236475504@monospace-4.iam.gserviceaccount.com","ownerEmail":"baseaiworks@gmail.com","workspaceImageUrl":"https://www.gstatic.com/monospace/250314/workspace-prototype-192.png","templateArgs":"{}","templateRepoUrl":"file:///usr/local/monospace/templates/private/_capra_next","workstationAccessToken":"eyJhbGciOiJSUzI1NiIsInR5cCI6IkpXVCJ9.eyJpc3MiOiJodHRwczovL2Nsb3VkLmdvb2dsZS5jb20vd29ya3N0YXRpb25zIiwiYXVkIjoiZmlyZWJhc2UtdmlueWxvZ2l4LXYxLTE3NTcxMTQ4MTQxNzIuY2x1c3Rlci1vYXlxZ3lnbHBmZ3NlcWNsYnlndXJ3NHhkNC5jbG91ZHdvcmtzdGF0aW9ucy5kZXYiLCJpYXQiOjE3NjA4MzU3NTgsImV4cCI6MTc2MDkyMjE1OH0.GLvoBGkWQxGyAxLHrpjbLAyGIuw4Mpurlr5pxmF12dUtxfbibpRQ6mhGmAsfjh7G5P4mJbPGsuAsdLvC4ydlx07f_tO9m4Te-WYgtwWOMOQxaiHOBxFuS3lQAYGsVBy8_InVyRKsAGJhZGfTd2kFcJ18xzAW4Pwx6512JssY-D-FKCSMDNiQ3eLmySzFgBGxg25t77abPIGjuY8g4a-ldYi0nlSFmxA-CIlRNpn_0Rk12Nq4tOozbmPttsNZIhsRtZavr1TJxhyh0kDHMFxeE6VbJDcRTto_bzZRs_mZdBTJXcvW04rlwoa4gGGTjg1DNptHuximzfSE9DEoPf8vkg","firebaseProjectId":"vinylogix-v1"}
[info] Updating Firebase CLI active project to match Studio Workspace 'vinylogix-v1'
[debug] [2025-10-19T01:03:29.281Z] > command requires scopes: ["email","openid","https://www.googleapis.com/auth/cloudplatformprojects.readonly","https://www.googleapis.com/auth/firebase","https://www.googleapis.com/auth/cloud-platform","https://www.googleapis.com/auth/userinfo.email"]
[debug] [2025-10-19T01:03:29.284Z] > authorizing via signed-in user (baseaiworks@gmail.com)
[debug] [2025-10-19T01:03:29.287Z] > command requires scopes: ["email","openid","https://www.googleapis.com/auth/cloudplatformprojects.readonly","https://www.googleapis.com/auth/firebase","https://www.googleapis.com/auth/cloud-platform","https://www.googleapis.com/auth/userinfo.email"]
[debug] [2025-10-19T01:03:29.288Z] > authorizing via signed-in user (baseaiworks@gmail.com)
[debug] [2025-10-19T01:03:29.289Z] [iam] checking project vinylogix-v1 for permissions ["firebase.projects.get","secretmanager.secrets.create","secretmanager.secrets.get","secretmanager.secrets.update","secretmanager.versions.add"]
[debug] [2025-10-19T01:03:29.292Z] Checked if tokens are valid: true, expires at: 1760839357301
[debug] [2025-10-19T01:03:29.292Z] Checked if tokens are valid: true, expires at: 1760839357301
[debug] [2025-10-19T01:03:29.293Z] >>> [apiv2][query] POST https://cloudresourcemanager.googleapis.com/v1/projects/vinylogix-v1:testIamPermissions [none]
[debug] [2025-10-19T01:03:29.294Z] >>> [apiv2][(partial)header] POST https://cloudresourcemanager.googleapis.com/v1/projects/vinylogix-v1:testIamPermissions x-goog-quota-user=projects/vinylogix-v1
[debug] [2025-10-19T01:03:29.294Z] >>> [apiv2][body] POST https://cloudresourcemanager.googleapis.com/v1/projects/vinylogix-v1:testIamPermissions {"permissions":["firebase.projects.get","secretmanager.secrets.create","secretmanager.secrets.get","secretmanager.secrets.update","secretmanager.versions.add"]}
[debug] [2025-10-19T01:03:29.979Z] <<< [apiv2][status] POST https://cloudresourcemanager.googleapis.com/v1/projects/vinylogix-v1:testIamPermissions 200
[debug] [2025-10-19T01:03:29.979Z] <<< [apiv2][body] POST https://cloudresourcemanager.googleapis.com/v1/projects/vinylogix-v1:testIamPermissions {"permissions":["firebase.projects.get","secretmanager.secrets.create","secretmanager.secrets.get","secretmanager.secrets.update","secretmanager.versions.add"]}
[debug] [2025-10-19T01:03:29.982Z] Checked if tokens are valid: true, expires at: 1760839357301
[debug] [2025-10-19T01:03:29.982Z] Checked if tokens are valid: true, expires at: 1760839357301
[debug] [2025-10-19T01:03:29.983Z] >>> [apiv2][query] GET https://cloudresourcemanager.googleapis.com/v1/projects/vinylogix-v1 [none]
[debug] [2025-10-19T01:03:30.166Z] <<< [apiv2][status] GET https://cloudresourcemanager.googleapis.com/v1/projects/vinylogix-v1 200
[debug] [2025-10-19T01:03:30.167Z] <<< [apiv2][body] GET https://cloudresourcemanager.googleapis.com/v1/projects/vinylogix-v1 {"projectNumber":"709401169654","projectId":"vinylogix-v1","lifecycleState":"ACTIVE","name":"Vinylogix V1","labels":{"monospace-workspace-id":"vinylogix-v1-62914042","firebase":"enabled","firebase-core":"disabled"},"createTime":"2025-09-07T21:00:19.489299Z"}
[debug] [2025-10-19T01:03:30.175Z] Checked if tokens are valid: true, expires at: 1760839357301
[debug] [2025-10-19T01:03:30.178Z] Checked if tokens are valid: true, expires at: 1760839357301
[debug] [2025-10-19T01:03:30.181Z] >>> [apiv2][query] GET https://secretmanager.googleapis.com/v1/projects/vinylogix-v1/secrets/STRIPE_ESSENTIAL_3MONTHS_PRICE_ID [none]
[debug] [2025-10-19T01:03:30.350Z] <<< [apiv2][status] GET https://secretmanager.googleapis.com/v1/projects/vinylogix-v1/secrets/STRIPE_ESSENTIAL_3MONTHS_PRICE_ID 200
[debug] [2025-10-19T01:03:30.351Z] <<< [apiv2][body] GET https://secretmanager.googleapis.com/v1/projects/vinylogix-v1/secrets/STRIPE_ESSENTIAL_3MONTHS_PRICE_ID {"name":"projects/709401169654/secrets/STRIPE_ESSENTIAL_3MONTHS_PRICE_ID","replication":{"automatic":{}},"createTime":"2025-10-19T00:48:46.545306Z","etag":"\"1641785455803d\""}
[warn] ⚠  Your secret is not managed by Cloud Functions for Firebase. Firebase managed secrets are automatically pruned to reduce your monthly cost for using Secret Manager.  
[debug] [2025-10-19T01:07:36.832Z] ExitPromptError: User force closed the prompt with SIGINT
    at Interface.sigint (/home/user/.global_modules/lib/node_modules/firebase-tools/node_modules/@inquirer/core/dist/commonjs/lib/create-prompt.js:101:37)
    at Interface.emit (node:events:524:28)
    at Interface.emit (node:domain:489:12)
    at [_ttyWrite] [as _ttyWrite] (node:internal/readline/interface:1125:18)
    at ReadStream.onkeypress (node:internal/readline/interface:264:20)
    at ReadStream.emit (node:events:536:35)
    at ReadStream.emit (node:domain:489:12)
    at emitKeys (node:internal/readline/utils:371:14)
    at emitKeys.next (<anonymous>)
    at ReadStream.onData (node:internal/readline/emitKeypressEvents:64:36)
[error] 
[error] Error: An unexpected error has occurred.
[debug] [2025-10-19T01:07:45.721Z] ----------------------------------------------------------------------
[debug] [2025-10-19T01:07:45.730Z] Command:       /nix/store/ws50yvm6vzlzf7jzz6n7xh4szddrack1-nodejs-20.19.1/bin/node /home/user/.global_modules/bin/firebase functions:secrets:set STRIPE_ESSENTIAL_YEARLY_PRICE_ID
[debug] [2025-10-19T01:07:45.731Z] CLI Version:   14.15.2
[debug] [2025-10-19T01:07:45.731Z] Platform:      linux
[debug] [2025-10-19T01:07:45.732Z] Node Version:  v20.19.1
[debug] [2025-10-19T01:07:45.733Z] Time:          Sun Oct 19 2025 01:07:45 GMT+0000 (Coordinated Universal Time)
[debug] [2025-10-19T01:07:45.733Z] ----------------------------------------------------------------------
[debug] 
[debug] [2025-10-19T01:07:46.582Z] Checked if tokens are valid: true, expires at: 1760839357301
[debug] [2025-10-19T01:07:46.583Z] Checked if tokens are valid: true, expires at: 1760839357301
[debug] [2025-10-19T01:07:46.595Z] >>> [apiv2][query] GET https://monospace-pa.googleapis.com/v1/workspaces/vinylogix-v1-62914042 [none]
[debug] [2025-10-19T01:07:47.605Z] <<< [apiv2][status] GET https://monospace-pa.googleapis.com/v1/workspaces/vinylogix-v1-62914042 200
[debug] [2025-10-19T01:07:47.605Z] <<< [apiv2][body] GET https://monospace-pa.googleapis.com/v1/workspaces/vinylogix-v1-62914042 {"workspaceId":"vinylogix-v1-62914042","name":"Vinylogix V1","workspaceRedirectUrl":"firebase-vinylogix-v1-1757114814172.cluster-oayqgyglpfgseqclbygurw4xd4.cloudworkstations.dev","status":"WORKSPACE_STATUS_RUNNING","lastAccessDatetime":"2025-10-18T23:33:56.541308Z","workspaceTemplate":"WORKSPACE_TEMPLATE_CAPRA_BUILDER","owner":"SELF","serviceAccountEmail":"msp-7413876450236475504@monospace-4.iam.gserviceaccount.com","ownerEmail":"baseaiworks@gmail.com","workspaceImageUrl":"https://www.gstatic.com/monospace/250314/workspace-prototype-192.png","templateArgs":"{}","templateRepoUrl":"file:///usr/local/monospace/templates/private/_capra_next","workstationAccessToken":"eyJhbGciOiJSUzI1NiIsInR5cCI6IkpXVCJ9.eyJpc3MiOiJodHRwczovL2Nsb3VkLmdvb2dsZS5jb20vd29ya3N0YXRpb25zIiwiYXVkIjoiZmlyZWJhc2UtdmlueWxvZ2l4LXYxLTE3NTcxMTQ4MTQxNzIuY2x1c3Rlci1vYXlxZ3lnbHBmZ3NlcWNsYnlndXJ3NHhkNC5jbG91ZHdvcmtzdGF0aW9ucy5kZXYiLCJpYXQiOjE3NjA4MzYwNjcsImV4cCI6MTc2MDkyMjQ2N30.yFebkAh6UWxwDx-WmYstq-JPux7wr5cxJ31x5Y6BlNdsFKrhd0ACLN11A3-qwgBrpSSPZ3czjT9pa5Cv_2vvCVY0NlSBYD9alFWZvM-E1DaqW1D4lq1Vu1TAD_U21bkJL28ZnZwUeYytzuy7h0CS-LpzW3dBVnTodaoQQZFssJtLuN68W1sznpUGdx56qilnhidjTQxwo-C0enn1ogoWgpTuBGJc0sasKvNDuG1VAs3zZQWer_upILPhW76I_iR4j4JsrcFk8WGt1zZP2El9jVw6XYt-ZwgYpG6JfFUmF5M8ll0epFNU9J6yUs8eZe2dBoDm07qnMM8nO7QQxb5cbw","firebaseProjectId":"vinylogix-v1"}
[debug] [2025-10-19T01:07:47.606Z] > command requires scopes: ["email","openid","https://www.googleapis.com/auth/cloudplatformprojects.readonly","https://www.googleapis.com/auth/firebase","https://www.googleapis.com/auth/cloud-platform","https://www.googleapis.com/auth/userinfo.email"]
[debug] [2025-10-19T01:07:47.607Z] > authorizing via signed-in user (baseaiworks@gmail.com)
[debug] [2025-10-19T01:07:47.611Z] > command requires scopes: ["email","openid","https://www.googleapis.com/auth/cloudplatformprojects.readonly","https://www.googleapis.com/auth/firebase","https://www.googleapis.com/auth/cloud-platform","https://www.googleapis.com/auth/userinfo.email"]
[debug] [2025-10-19T01:07:47.612Z] > authorizing via signed-in user (baseaiworks@gmail.com)
[debug] [2025-10-19T01:07:47.612Z] [iam] checking project vinylogix-v1 for permissions ["firebase.projects.get","secretmanager.secrets.create","secretmanager.secrets.get","secretmanager.secrets.update","secretmanager.versions.add"]
[debug] [2025-10-19T01:07:47.615Z] Checked if tokens are valid: true, expires at: 1760839357301
[debug] [2025-10-19T01:07:47.615Z] Checked if tokens are valid: true, expires at: 1760839357301
[debug] [2025-10-19T01:07:47.618Z] >>> [apiv2][query] POST https://cloudresourcemanager.googleapis.com/v1/projects/vinylogix-v1:testIamPermissions [none]
[debug] [2025-10-19T01:07:47.618Z] >>> [apiv2][(partial)header] POST https://cloudresourcemanager.googleapis.com/v1/projects/vinylogix-v1:testIamPermissions x-goog-quota-user=projects/vinylogix-v1
[debug] [2025-10-19T01:07:47.618Z] >>> [apiv2][body] POST https://cloudresourcemanager.googleapis.com/v1/projects/vinylogix-v1:testIamPermissions {"permissions":["firebase.projects.get","secretmanager.secrets.create","secretmanager.secrets.get","secretmanager.secrets.update","secretmanager.versions.add"]}
[debug] [2025-10-19T01:07:47.796Z] <<< [apiv2][status] POST https://cloudresourcemanager.googleapis.com/v1/projects/vinylogix-v1:testIamPermissions 200
[debug] [2025-10-19T01:07:47.797Z] <<< [apiv2][body] POST https://cloudresourcemanager.googleapis.com/v1/projects/vinylogix-v1:testIamPermissions {"permissions":["firebase.projects.get","secretmanager.secrets.create","secretmanager.secrets.get","secretmanager.secrets.update","secretmanager.versions.add"]}
[debug] [2025-10-19T01:07:47.799Z] Checked if tokens are valid: true, expires at: 1760839357301
[debug] [2025-10-19T01:07:47.799Z] Checked if tokens are valid: true, expires at: 1760839357301
[debug] [2025-10-19T01:07:47.800Z] >>> [apiv2][query] GET https://cloudresourcemanager.googleapis.com/v1/projects/vinylogix-v1 [none]
[debug] [2025-10-19T01:07:48.308Z] <<< [apiv2][status] GET https://cloudresourcemanager.googleapis.com/v1/projects/vinylogix-v1 200
[debug] [2025-10-19T01:07:48.308Z] <<< [apiv2][body] GET https://cloudresourcemanager.googleapis.com/v1/projects/vinylogix-v1 {"projectNumber":"709401169654","projectId":"vinylogix-v1","lifecycleState":"ACTIVE","name":"Vinylogix V1","labels":{"monospace-workspace-id":"vinylogix-v1-62914042","firebase":"enabled","firebase-core":"disabled"},"createTime":"2025-09-07T21:00:19.489299Z"}
[debug] [2025-10-19T01:07:48.310Z] Checked if tokens are valid: true, expires at: 1760839357301
[debug] [2025-10-19T01:07:48.311Z] Checked if tokens are valid: true, expires at: 1760839357301
[debug] [2025-10-19T01:07:48.311Z] >>> [apiv2][query] GET https://secretmanager.googleapis.com/v1/projects/vinylogix-v1/secrets/STRIPE_ESSENTIAL_YEARLY_PRICE_ID [none]
[debug] [2025-10-19T01:07:48.491Z] <<< [apiv2][status] GET https://secretmanager.googleapis.com/v1/projects/vinylogix-v1/secrets/STRIPE_ESSENTIAL_YEARLY_PRICE_ID 200
[debug] [2025-10-19T01:07:48.494Z] <<< [apiv2][body] GET https://secretmanager.googleapis.com/v1/projects/vinylogix-v1/secrets/STRIPE_ESSENTIAL_YEARLY_PRICE_ID {"name":"projects/709401169654/secrets/STRIPE_ESSENTIAL_YEARLY_PRICE_ID","replication":{"automatic":{}},"createTime":"2025-10-19T00:49:09.003537Z","etag":"\"16417855b2b32e\""}
[warn] ⚠  Your secret is not managed by Cloud Functions for Firebase. Firebase managed secrets are automatically pruned to reduce your monthly cost for using Secret Manager.  
[debug] [2025-10-19T01:07:48.543Z] Checked if tokens are valid: true, expires at: 1760839357301
[debug] [2025-10-19T01:07:48.543Z] Checked if tokens are valid: true, expires at: 1760839357301
[debug] [2025-10-19T01:07:48.546Z] >>> [apiv2][query] PATCH https://secretmanager.googleapis.com/v1/projects/vinylogix-v1/secrets/STRIPE_ESSENTIAL_YEARLY_PRICE_ID updateMask=labels
[debug] [2025-10-19T01:07:48.546Z] >>> [apiv2][body] PATCH https://secretmanager.googleapis.com/v1/projects/vinylogix-v1/secrets/STRIPE_ESSENTIAL_YEARLY_PRICE_ID {"name":"projects/vinylogix-v1/secrets/STRIPE_ESSENTIAL_YEARLY_PRICE_ID","labels":{"firebase-managed":"functions"}}
[debug] [2025-10-19T01:07:49.291Z] <<< [apiv2][status] PATCH https://secretmanager.googleapis.com/v1/projects/vinylogix-v1/secrets/STRIPE_ESSENTIAL_YEARLY_PRICE_ID 200
[debug] [2025-10-19T01:07:49.292Z] <<< [apiv2][body] PATCH https://secretmanager.googleapis.com/v1/projects/vinylogix-v1/secrets/STRIPE_ESSENTIAL_YEARLY_PRICE_ID {"name":"projects/709401169654/secrets/STRIPE_ESSENTIAL_YEARLY_PRICE_ID","replication":{"automatic":{}},"createTime":"2025-10-19T00:49:09.003537Z","labels":{"firebase-managed":"functions"},"etag":"\"1641789869dc5c\""}
[debug] [2025-10-19T01:07:56.042Z] ExitPromptError: User force closed the prompt with SIGINT
    at Interface.sigint (/home/user/.global_modules/lib/node_modules/firebase-tools/node_modules/@inquirer/core/dist/commonjs/lib/create-prompt.js:101:37)
    at Interface.emit (node:events:524:28)
    at Interface.emit (node:domain:489:12)
    at [_ttyWrite] [as _ttyWrite] (node:internal/readline/interface:1125:18)
    at ReadStream.onkeypress (node:internal/readline/interface:264:20)
    at ReadStream.emit (node:events:536:35)
    at ReadStream.emit (node:domain:489:12)
    at emitKeys (node:internal/readline/utils:371:14)
    at emitKeys.next (<anonymous>)
    at ReadStream.onData (node:internal/readline/emitKeypressEvents:64:36)
[error] 
[error] Error: An unexpected error has occurred.
[debug] [2025-10-19T01:08:05.904Z] ----------------------------------------------------------------------
[debug] [2025-10-19T01:08:05.910Z] Command:       /nix/store/ws50yvm6vzlzf7jzz6n7xh4szddrack1-nodejs-20.19.1/bin/node /home/user/.global_modules/bin/firebase functions:secrets:set STRIPE_GROWTH_YEARLY_PRICE_ID
[debug] [2025-10-19T01:08:05.912Z] CLI Version:   14.15.2
[debug] [2025-10-19T01:08:05.912Z] Platform:      linux
[debug] [2025-10-19T01:08:05.913Z] Node Version:  v20.19.1
[debug] [2025-10-19T01:08:05.913Z] Time:          Sun Oct 19 2025 01:08:05 GMT+0000 (Coordinated Universal Time)
[debug] [2025-10-19T01:08:05.913Z] ----------------------------------------------------------------------
[debug] 
[debug] [2025-10-19T01:08:07.032Z] Checked if tokens are valid: true, expires at: 1760839357301
[debug] [2025-10-19T01:08:07.034Z] Checked if tokens are valid: true, expires at: 1760839357301
[debug] [2025-10-19T01:08:07.042Z] >>> [apiv2][query] GET https://monospace-pa.googleapis.com/v1/workspaces/vinylogix-v1-62914042 [none]
[debug] [2025-10-19T01:08:07.927Z] <<< [apiv2][status] GET https://monospace-pa.googleapis.com/v1/workspaces/vinylogix-v1-62914042 200
[debug] [2025-10-19T01:08:07.929Z] <<< [apiv2][body] GET https://monospace-pa.googleapis.com/v1/workspaces/vinylogix-v1-62914042 {"workspaceId":"vinylogix-v1-62914042","name":"Vinylogix V1","workspaceRedirectUrl":"firebase-vinylogix-v1-1757114814172.cluster-oayqgyglpfgseqclbygurw4xd4.cloudworkstations.dev","status":"WORKSPACE_STATUS_RUNNING","lastAccessDatetime":"2025-10-18T23:33:56.541308Z","workspaceTemplate":"WORKSPACE_TEMPLATE_CAPRA_BUILDER","owner":"SELF","serviceAccountEmail":"msp-7413876450236475504@monospace-4.iam.gserviceaccount.com","ownerEmail":"baseaiworks@gmail.com","workspaceImageUrl":"https://www.gstatic.com/monospace/250314/workspace-prototype-192.png","templateArgs":"{}","templateRepoUrl":"file:///usr/local/monospace/templates/private/_capra_next","workstationAccessToken":"eyJhbGciOiJSUzI1NiIsInR5cCI6IkpXVCJ9.eyJpc3MiOiJodHRwczovL2Nsb3VkLmdvb2dsZS5jb20vd29ya3N0YXRpb25zIiwiYXVkIjoiZmlyZWJhc2UtdmlueWxvZ2l4LXYxLTE3NTcxMTQ4MTQxNzIuY2x1c3Rlci1vYXlxZ3lnbHBmZ3NlcWNsYnlndXJ3NHhkNC5jbG91ZHdvcmtzdGF0aW9ucy5kZXYiLCJpYXQiOjE3NjA4MzYwODcsImV4cCI6MTc2MDkyMjQ4N30.VS6JMIM__R8RFYz4rIYP-STepeB004AdUFzLc0scCsymh3K5aC5oXRfAIjFbOPNQLes3kxocV9ue14qJlPYc2uj6j9qD2DOQx-eRJffGJVmf33_CspnVA8MoaWWuwFLHdBOPJlwMUNwi8Mi3MJQjkOlyMiSpqpBpUnSgXPVM3y-2fmAz02OdburyFszIW8-XGGAfbeoHxzEyVnxh0DqLMlWwCF53oaQH6cHCELQTDozUGwR_AuH-vItb6HgPZxbNtaqgM6JHaioEP9jZkveXkRmxj6x4WSuYPSThC9Go8fJbEX19fht0hUPPTfAkofHyTsqj6FnG3gEnDwfKI6gKFw","firebaseProjectId":"vinylogix-v1"}
[debug] [2025-10-19T01:08:07.931Z] > command requires scopes: ["email","openid","https://www.googleapis.com/auth/cloudplatformprojects.readonly","https://www.googleapis.com/auth/firebase","https://www.googleapis.com/auth/cloud-platform","https://www.googleapis.com/auth/userinfo.email"]
[debug] [2025-10-19T01:08:07.935Z] > authorizing via signed-in user (baseaiworks@gmail.com)
[debug] [2025-10-19T01:08:07.946Z] > command requires scopes: ["email","openid","https://www.googleapis.com/auth/cloudplatformprojects.readonly","https://www.googleapis.com/auth/firebase","https://www.googleapis.com/auth/cloud-platform","https://www.googleapis.com/auth/userinfo.email"]
[debug] [2025-10-19T01:08:07.948Z] > authorizing via signed-in user (baseaiworks@gmail.com)
[debug] [2025-10-19T01:08:07.949Z] [iam] checking project vinylogix-v1 for permissions ["firebase.projects.get","secretmanager.secrets.create","secretmanager.secrets.get","secretmanager.secrets.update","secretmanager.versions.add"]
[debug] [2025-10-19T01:08:07.951Z] Checked if tokens are valid: true, expires at: 1760839357301
[debug] [2025-10-19T01:08:07.951Z] Checked if tokens are valid: true, expires at: 1760839357301
[debug] [2025-10-19T01:08:07.952Z] >>> [apiv2][query] POST https://cloudresourcemanager.googleapis.com/v1/projects/vinylogix-v1:testIamPermissions [none]
[debug] [2025-10-19T01:08:07.952Z] >>> [apiv2][(partial)header] POST https://cloudresourcemanager.googleapis.com/v1/projects/vinylogix-v1:testIamPermissions x-goog-quota-user=projects/vinylogix-v1
[debug] [2025-10-19T01:08:07.953Z] >>> [apiv2][body] POST https://cloudresourcemanager.googleapis.com/v1/projects/vinylogix-v1:testIamPermissions {"permissions":["firebase.projects.get","secretmanager.secrets.create","secretmanager.secrets.get","secretmanager.secrets.update","secretmanager.versions.add"]}
[debug] [2025-10-19T01:08:08.619Z] <<< [apiv2][status] POST https://cloudresourcemanager.googleapis.com/v1/projects/vinylogix-v1:testIamPermissions 200
[debug] [2025-10-19T01:08:08.621Z] <<< [apiv2][body] POST https://cloudresourcemanager.googleapis.com/v1/projects/vinylogix-v1:testIamPermissions {"permissions":["firebase.projects.get","secretmanager.secrets.create","secretmanager.secrets.get","secretmanager.secrets.update","secretmanager.versions.add"]}
[debug] [2025-10-19T01:08:08.630Z] Checked if tokens are valid: true, expires at: 1760839357301
[debug] [2025-10-19T01:08:08.633Z] Checked if tokens are valid: true, expires at: 1760839357301
[debug] [2025-10-19T01:08:08.633Z] >>> [apiv2][query] GET https://cloudresourcemanager.googleapis.com/v1/projects/vinylogix-v1 [none]
[debug] [2025-10-19T01:08:08.831Z] <<< [apiv2][status] GET https://cloudresourcemanager.googleapis.com/v1/projects/vinylogix-v1 200
[debug] [2025-10-19T01:08:08.833Z] <<< [apiv2][body] GET https://cloudresourcemanager.googleapis.com/v1/projects/vinylogix-v1 {"projectNumber":"709401169654","projectId":"vinylogix-v1","lifecycleState":"ACTIVE","name":"Vinylogix V1","labels":{"monospace-workspace-id":"vinylogix-v1-62914042","firebase":"enabled","firebase-core":"disabled"},"createTime":"2025-09-07T21:00:19.489299Z"}
[debug] [2025-10-19T01:08:08.839Z] Checked if tokens are valid: true, expires at: 1760839357301
[debug] [2025-10-19T01:08:08.842Z] Checked if tokens are valid: true, expires at: 1760839357301
[debug] [2025-10-19T01:08:08.844Z] >>> [apiv2][query] GET https://secretmanager.googleapis.com/v1/projects/vinylogix-v1/secrets/STRIPE_GROWTH_YEARLY_PRICE_ID [none]
[debug] [2025-10-19T01:08:09.033Z] <<< [apiv2][status] GET https://secretmanager.googleapis.com/v1/projects/vinylogix-v1/secrets/STRIPE_GROWTH_YEARLY_PRICE_ID 200
[debug] [2025-10-19T01:08:09.036Z] <<< [apiv2][body] GET https://secretmanager.googleapis.com/v1/projects/vinylogix-v1/secrets/STRIPE_GROWTH_YEARLY_PRICE_ID {"name":"projects/709401169654/secrets/STRIPE_GROWTH_YEARLY_PRICE_ID","replication":{"automatic":{}},"createTime":"2025-10-19T00:50:23.692902Z","etag":"\"1641785a1fe408\""}
[warn] ⚠  Your secret is not managed by Cloud Functions for Firebase. Firebase managed secrets are automatically pruned to reduce your monthly cost for using Secret Manager.  
[debug] [2025-10-19T01:08:09.103Z] Checked if tokens are valid: true, expires at: 1760839357301
[debug] [2025-10-19T01:08:09.103Z] Checked if tokens are valid: true, expires at: 1760839357301
[debug] [2025-10-19T01:08:09.105Z] >>> [apiv2][query] PATCH https://secretmanager.googleapis.com/v1/projects/vinylogix-v1/secrets/STRIPE_GROWTH_YEARLY_PRICE_ID updateMask=labels
[debug] [2025-10-19T01:08:09.106Z] >>> [apiv2][body] PATCH https://secretmanager.googleapis.com/v1/projects/vinylogix-v1/secrets/STRIPE_GROWTH_YEARLY_PRICE_ID {"name":"projects/vinylogix-v1/secrets/STRIPE_GROWTH_YEARLY_PRICE_ID","labels":{"firebase-managed":"functions"}}
[debug] [2025-10-19T01:08:09.843Z] <<< [apiv2][status] PATCH https://secretmanager.googleapis.com/v1/projects/vinylogix-v1/secrets/STRIPE_GROWTH_YEARLY_PRICE_ID 200
[debug] [2025-10-19T01:08:09.846Z] <<< [apiv2][body] PATCH https://secretmanager.googleapis.com/v1/projects/vinylogix-v1/secrets/STRIPE_GROWTH_YEARLY_PRICE_ID {"name":"projects/709401169654/secrets/STRIPE_GROWTH_YEARLY_PRICE_ID","replication":{"automatic":{}},"createTime":"2025-10-19T00:50:23.692902Z","labels":{"firebase-managed":"functions"},"etag":"\"16417899a36dd1\""}
[debug] [2025-10-20T12:58:15.361Z] ----------------------------------------------------------------------
[debug] [2025-10-20T12:58:15.369Z] Command:       /nix/store/ws50yvm6vzlzf7jzz6n7xh4szddrack1-nodejs-20.19.1/bin/node /nix/store/i78h9v2gl6qg2w9646hi06syn3hbv4kj-firebase-tools-14.19.1/lib/node_modules/firebase-tools/lib/bin/firebase.js emulators:start --project=demo-app --only=auth,firestore
[debug] [2025-10-20T12:58:15.373Z] CLI Version:   14.19.1
[debug] [2025-10-20T12:58:15.374Z] Platform:      linux
[debug] [2025-10-20T12:58:15.374Z] Node Version:  v20.19.1
[debug] [2025-10-20T12:58:15.374Z] Time:          Mon Oct 20 2025 12:58:15 GMT+0000 (Coordinated Universal Time)
[debug] [2025-10-20T12:58:15.375Z] ----------------------------------------------------------------------
[debug] 
[debug] [2025-10-20T12:58:15.380Z] >>> [apiv2][query] GET https://firebase-public.firebaseio.com/cli.json [none]
[debug] [2025-10-20T12:58:16.889Z] <<< [apiv2][status] GET https://firebase-public.firebaseio.com/cli.json 200
[debug] [2025-10-20T12:58:16.890Z] <<< [apiv2][body] GET https://firebase-public.firebaseio.com/cli.json {"cloudBuildErrorAfter":1594252800000,"cloudBuildWarnAfter":1590019200000,"defaultNode10After":1594252800000,"minVersion":"3.0.5","node8DeploysDisabledAfter":1613390400000,"node8RuntimeDisabledAfter":1615809600000,"node8WarnAfter":1600128000000}
[debug] [2025-10-20T12:58:17.086Z] openjdk version "21.0.7" 2025-04-15

[debug] [2025-10-20T12:58:17.089Z] OpenJDK Runtime Environment (build 21.0.7+6-nixos)
OpenJDK 64-Bit Server VM (build 21.0.7+6-nixos, mixed mode, sharing)

[debug] [2025-10-20T12:58:17.109Z] Parsed Java major version: 21
[info] i  emulators: Starting emulators: firestore {"metadata":{"emulator":{"name":"hub"},"message":"Starting emulators: firestore"}}
[info] i  emulators: Detected demo project ID "demo-app", emulated services will use a demo configuration and attempts to access non-emulated services for this project will fail. {"metadata":{"emulator":{"name":"hub"},"message":"Detected demo project ID \"demo-app\", emulated services will use a demo configuration and attempts to access non-emulated services for this project will fail."}}
[warn] ⚠  auth: Not starting the auth emulator, make sure you have run firebase init. {"metadata":{"emulator":{"name":"auth"},"message":"Not starting the auth emulator, make sure you have run firebase init."}}
[warn] ⚠  hub: Error when trying to check port 4400 on ::1: Error: listen EADDRNOTAVAIL: address not available ::1:4400 {"metadata":{"emulator":{"name":"hub"},"message":"Error when trying to check port 4400 on ::1: Error: listen EADDRNOTAVAIL: address not available ::1:4400"}}
[warn] ⚠  hub: Port 4400 is available on 127.0.0.1 but not ::1. This may cause issues with some clients. {"metadata":{"emulator":{"name":"hub"},"message":"Port 4400 is available on 127.0.0.1 but not ::1. This may cause issues with some clients."}}
[warn] ⚠  hub: If you encounter connectivity issues, consider switching to a different port or explicitly specifying "host": "<ip address>" instead of hostname in firebase.json {"metadata":{"emulator":{"name":"hub"},"message":"If you encounter connectivity issues, consider switching to a different port or explicitly specifying \"host\": \"<ip address>\" instead of hostname in firebase.json"}}
[warn] ⚠  ui: Error when trying to check port 4000 on ::1: Error: listen EADDRNOTAVAIL: address not available ::1:4000 {"metadata":{"emulator":{"name":"ui"},"message":"Error when trying to check port 4000 on ::1: Error: listen EADDRNOTAVAIL: address not available ::1:4000"}}
[warn] ⚠  ui: Port 4000 is available on 127.0.0.1 but not ::1. This may cause issues with some clients. {"metadata":{"emulator":{"name":"ui"},"message":"Port 4000 is available on 127.0.0.1 but not ::1. This may cause issues with some clients."}}
[warn] ⚠  ui: If you encounter connectivity issues, consider switching to a different port or explicitly specifying "host": "<ip address>" instead of hostname in firebase.json {"metadata":{"emulator":{"name":"ui"},"message":"If you encounter connectivity issues, consider switching to a different port or explicitly specifying \"host\": \"<ip address>\" instead of hostname in firebase.json"}}
[warn] ⚠  logging: Error when trying to check port 4500 on ::1: Error: listen EADDRNOTAVAIL: address not available ::1:4500 {"metadata":{"emulator":{"name":"logging"},"message":"Error when trying to check port 4500 on ::1: Error: listen EADDRNOTAVAIL: address not available ::1:4500"}}
[warn] ⚠  logging: Port 4500 is available on 127.0.0.1 but not ::1. This may cause issues with some clients. {"metadata":{"emulator":{"name":"logging"},"message":"Port 4500 is available on 127.0.0.1 but not ::1. This may cause issues with some clients."}}
[warn] ⚠  logging: If you encounter connectivity issues, consider switching to a different port or explicitly specifying "host": "<ip address>" instead of hostname in firebase.json {"metadata":{"emulator":{"name":"logging"},"message":"If you encounter connectivity issues, consider switching to a different port or explicitly specifying \"host\": \"<ip address>\" instead of hostname in firebase.json"}}
[warn] ⚠  firestore: Error when trying to check port 8080 on ::1: Error: listen EADDRNOTAVAIL: address not available ::1:8080 {"metadata":{"emulator":{"name":"firestore"},"message":"Error when trying to check port 8080 on ::1: Error: listen EADDRNOTAVAIL: address not available ::1:8080"}}
[warn] ⚠  firestore: Port 8080 is available on 127.0.0.1 but not ::1. This may cause issues with some clients. {"metadata":{"emulator":{"name":"firestore"},"message":"Port 8080 is available on 127.0.0.1 but not ::1. This may cause issues with some clients."}}
[warn] ⚠  firestore: If you encounter connectivity issues, consider switching to a different port or explicitly specifying "host": "<ip address>" instead of hostname in firebase.json {"metadata":{"emulator":{"name":"firestore"},"message":"If you encounter connectivity issues, consider switching to a different port or explicitly specifying \"host\": \"<ip address>\" instead of hostname in firebase.json"}}
[warn] ⚠  firestore.websocket: Error when trying to check port 9150 on ::1: Error: listen EADDRNOTAVAIL: address not available ::1:9150 {"metadata":{"emulator":{"name":"firestore"},"message":"Error when trying to check port 9150 on ::1: Error: listen EADDRNOTAVAIL: address not available ::1:9150"}}
[warn] ⚠  firestore: Port 9150 is available on 127.0.0.1 but not ::1. This may cause issues with some clients. {"metadata":{"emulator":{"name":"firestore"},"message":"Port 9150 is available on 127.0.0.1 but not ::1. This may cause issues with some clients."}}
[warn] ⚠  firestore: If you encounter connectivity issues, consider switching to a different port or explicitly specifying "host": "<ip address>" instead of hostname in firebase.json {"metadata":{"emulator":{"name":"firestore"},"message":"If you encounter connectivity issues, consider switching to a different port or explicitly specifying \"host\": \"<ip address>\" instead of hostname in firebase.json"}}
[debug] [2025-10-20T12:58:17.126Z] assigned listening specs for emulators {"user":{"hub":[{"address":"127.0.0.1","family":"IPv4","port":4400}],"ui":[{"address":"127.0.0.1","family":"IPv4","port":4000}],"logging":[{"address":"127.0.0.1","family":"IPv4","port":4500}],"firestore":[{"address":"127.0.0.1","family":"IPv4","port":8080}],"firestore.websocket":[{"address":"127.0.0.1","family":"IPv4","port":9150}]},"metadata":{"message":"assigned listening specs for emulators"}}
[debug] [2025-10-20T12:58:17.134Z] Emulator locator file path: /tmp/hub-demo-app.json
[debug] [2025-10-20T12:58:17.134Z] [hub] writing locator at /tmp/hub-demo-app.json
[debug] [2025-10-20T12:58:17.155Z] Ignoring unsupported arg: auto_download {"metadata":{"emulator":{"name":"firestore"},"message":"Ignoring unsupported arg: auto_download"}}
[debug] [2025-10-20T12:58:17.155Z] Ignoring unsupported arg: single_project_mode_error {"metadata":{"emulator":{"name":"firestore"},"message":"Ignoring unsupported arg: single_project_mode_error"}}
[debug] [2025-10-20T12:58:17.155Z] Starting Firestore Emulator with command {"binary":"java","args":["-Dgoogle.cloud_firestore.debug_log_level=FINE","-Duser.language=en","-jar","/nix/store/aim0jw1v9i4cna8525r39mzx9ck28aq7-emulators/cloud-firestore-emulator-v1.19.8.jar","--host","127.0.0.1","--port",8080,"--websocket_port",9150,"--project_id","demo-app","--rules","/home/user/studio/firestore.rules","--single_project_mode",true],"optionalArgs":["port","webchannel_port","host","rules","websocket_port","functions_emulator","seed_from_export","project_id","single_project_mode"],"joinArgs":false,"shell":false,"port":8080} {"metadata":{"emulator":{"name":"firestore"},"message":"Starting Firestore Emulator with command {\"binary\":\"java\",\"args\":[\"-Dgoogle.cloud_firestore.debug_log_level=FINE\",\"-Duser.language=en\",\"-jar\",\"/nix/store/aim0jw1v9i4cna8525r39mzx9ck28aq7-emulators/cloud-firestore-emulator-v1.19.8.jar\",\"--host\",\"127.0.0.1\",\"--port\",8080,\"--websocket_port\",9150,\"--project_id\",\"demo-app\",\"--rules\",\"/home/user/studio/firestore.rules\",\"--single_project_mode\",true],\"optionalArgs\":[\"port\",\"webchannel_port\",\"host\",\"rules\",\"websocket_port\",\"functions_emulator\",\"seed_from_export\",\"project_id\",\"single_project_mode\"],\"joinArgs\":false,\"shell\":false,\"port\":8080}"}}
[info] i  firestore: Firestore Emulator logging to firestore-debug.log {"metadata":{"emulator":{"name":"firestore"},"message":"Firestore Emulator logging to firestore-debug.log"}}
[debug] [2025-10-20T12:58:20.749Z] Oct 20, 2025 12:58:20 PM com.google.cloud.datastore.emulator.firestore.websocket.WebSocketServer start
INFO: Started WebSocket server on ws://127.0.0.1:9150
 {"metadata":{"emulator":{"name":"firestore"},"message":"Oct 20, 2025 12:58:20 PM com.google.cloud.datastore.emulator.firestore.websocket.WebSocketServer start\nINFO: Started WebSocket server on ws://127.0.0.1:9150\n"}}
[debug] [2025-10-20T12:58:20.888Z] API endpoint: http://127.0.0.1:8080
If you are using a library that supports the FIRESTORE_EMULATOR_HOST environment variable, run:

   export FIRESTORE_EMULATOR_HOST=127.0.0.1:8080

If you are running a Firestore in Datastore Mode project, run:

   export DATASTORE_EMULATOR_HOST= {"metadata":{"emulator":{"name":"firestore"},"message":"API endpoint: http://127.0.0.1:8080\nIf you are using a library that supports the FIRESTORE_EMULATOR_HOST environment variable, run:\n\n   export FIRESTORE_EMULATOR_HOST=127.0.0.1:8080\n\nIf you are running a Firestore in Datastore Mode project, run:\n\n   export DATASTORE_EMULATOR_HOST="}}
[debug] [2025-10-20T12:58:20.893Z] 127.0.0.1:8080

Note: Support for Datastore Mode is in preview. If you encounter any bugs please file at https://github.com/firebase/firebase-tools/issues.
Dev App Server is now running.

 {"metadata":{"emulator":{"name":"firestore"},"message":"127.0.0.1:8080\n\nNote: Support for Datastore Mode is in preview. If you encounter any bugs please file at https://github.com/firebase/firebase-tools/issues.\nDev App Server is now running.\n\n"}}
[info] ✔  firestore: Firestore Emulator UI websocket is running on 9150. {"metadata":{"emulator":{"name":"firestore"},"message":"Firestore Emulator UI websocket is running on 9150."}}
[debug] [2025-10-20T12:58:21.136Z] Could not find VSCode notification endpoint: FetchError: request to http://localhost:40001/vscode/notify failed, reason: connect ECONNREFUSED 127.0.0.1:40001. If you are not running the Firebase Data Connect VSCode extension, this is expected and not an issue.
[info] 
┌─────────────────────────────────────────────────────────────┐
│ ✔  All emulators ready! It is now safe to connect your app. │
│ i  View Emulator UI at http://127.0.0.1:4000/               │
└─────────────────────────────────────────────────────────────┘

┌───────────┬────────────────┬─────────────────────────────────┐
│ Emulator  │ Host:Port      │ View in Emulator UI             │
├───────────┼────────────────┼─────────────────────────────────┤
│ Firestore │ 127.0.0.1:8080 │ http://127.0.0.1:4000/firestore │
└───────────┴────────────────┴─────────────────────────────────┘
  Emulator Hub host: 127.0.0.1 port: 4400
  Other reserved ports: 4500, 9150

Issues? Report them at https://github.com/firebase/firebase-tools/issues and attach the *-debug.log files.
 
[debug] [2025-10-20T15:46:13.136Z] ----------------------------------------------------------------------
[debug] [2025-10-20T15:46:13.141Z] Command:       /nix/store/ws50yvm6vzlzf7jzz6n7xh4szddrack1-nodejs-20.19.1/bin/node /nix/store/i78h9v2gl6qg2w9646hi06syn3hbv4kj-firebase-tools-14.19.1/lib/node_modules/firebase-tools/lib/bin/firebase.js emulators:start --project=demo-app --only=auth,firestore
[debug] [2025-10-20T15:46:13.142Z] CLI Version:   14.19.1
[debug] [2025-10-20T15:46:13.143Z] Platform:      linux
[debug] [2025-10-20T15:46:13.143Z] Node Version:  v20.19.1
[debug] [2025-10-20T15:46:13.143Z] Time:          Mon Oct 20 2025 15:46:13 GMT+0000 (Coordinated Universal Time)
[debug] [2025-10-20T15:46:13.144Z] ----------------------------------------------------------------------
[debug] 
[debug] [2025-10-20T15:46:15.702Z] openjdk version "21.0.7" 2025-04-15

[debug] [2025-10-20T15:46:15.705Z] OpenJDK Runtime Environment (build 21.0.7+6-nixos)
OpenJDK 64-Bit Server VM (build 21.0.7+6-nixos, mixed mode, sharing)

[debug] [2025-10-20T15:46:15.763Z] Parsed Java major version: 21
[info] i  emulators: Starting emulators: firestore {"metadata":{"emulator":{"name":"hub"},"message":"Starting emulators: firestore"}}
[info] i  emulators: Detected demo project ID "demo-app", emulated services will use a demo configuration and attempts to access non-emulated services for this project will fail. {"metadata":{"emulator":{"name":"hub"},"message":"Detected demo project ID \"demo-app\", emulated services will use a demo configuration and attempts to access non-emulated services for this project will fail."}}
[warn] ⚠  auth: Not starting the auth emulator, make sure you have run firebase init. {"metadata":{"emulator":{"name":"auth"},"message":"Not starting the auth emulator, make sure you have run firebase init."}}
[warn] ⚠  hub: Error when trying to check port 4400 on ::1: Error: listen EADDRNOTAVAIL: address not available ::1:4400 {"metadata":{"emulator":{"name":"hub"},"message":"Error when trying to check port 4400 on ::1: Error: listen EADDRNOTAVAIL: address not available ::1:4400"}}
[warn] ⚠  hub: Port 4400 is available on 127.0.0.1 but not ::1. This may cause issues with some clients. {"metadata":{"emulator":{"name":"hub"},"message":"Port 4400 is available on 127.0.0.1 but not ::1. This may cause issues with some clients."}}
[warn] ⚠  hub: If you encounter connectivity issues, consider switching to a different port or explicitly specifying "host": "<ip address>" instead of hostname in firebase.json {"metadata":{"emulator":{"name":"hub"},"message":"If you encounter connectivity issues, consider switching to a different port or explicitly specifying \"host\": \"<ip address>\" instead of hostname in firebase.json"}}
[warn] ⚠  ui: Error when trying to check port 4000 on ::1: Error: listen EADDRNOTAVAIL: address not available ::1:4000 {"metadata":{"emulator":{"name":"ui"},"message":"Error when trying to check port 4000 on ::1: Error: listen EADDRNOTAVAIL: address not available ::1:4000"}}
[warn] ⚠  ui: Port 4000 is available on 127.0.0.1 but not ::1. This may cause issues with some clients. {"metadata":{"emulator":{"name":"ui"},"message":"Port 4000 is available on 127.0.0.1 but not ::1. This may cause issues with some clients."}}
[warn] ⚠  ui: If you encounter connectivity issues, consider switching to a different port or explicitly specifying "host": "<ip address>" instead of hostname in firebase.json {"metadata":{"emulator":{"name":"ui"},"message":"If you encounter connectivity issues, consider switching to a different port or explicitly specifying \"host\": \"<ip address>\" instead of hostname in firebase.json"}}
[warn] ⚠  logging: Error when trying to check port 4500 on ::1: Error: listen EADDRNOTAVAIL: address not available ::1:4500 {"metadata":{"emulator":{"name":"logging"},"message":"Error when trying to check port 4500 on ::1: Error: listen EADDRNOTAVAIL: address not available ::1:4500"}}
[warn] ⚠  logging: Port 4500 is available on 127.0.0.1 but not ::1. This may cause issues with some clients. {"metadata":{"emulator":{"name":"logging"},"message":"Port 4500 is available on 127.0.0.1 but not ::1. This may cause issues with some clients."}}
[warn] ⚠  logging: If you encounter connectivity issues, consider switching to a different port or explicitly specifying "host": "<ip address>" instead of hostname in firebase.json {"metadata":{"emulator":{"name":"logging"},"message":"If you encounter connectivity issues, consider switching to a different port or explicitly specifying \"host\": \"<ip address>\" instead of hostname in firebase.json"}}
[warn] ⚠  firestore: Error when trying to check port 8080 on ::1: Error: listen EADDRNOTAVAIL: address not available ::1:8080 {"metadata":{"emulator":{"name":"firestore"},"message":"Error when trying to check port 8080 on ::1: Error: listen EADDRNOTAVAIL: address not available ::1:8080"}}
[warn] ⚠  firestore: Port 8080 is available on 127.0.0.1 but not ::1. This may cause issues with some clients. {"metadata":{"emulator":{"name":"firestore"},"message":"Port 8080 is available on 127.0.0.1 but not ::1. This may cause issues with some clients."}}
[warn] ⚠  firestore: If you encounter connectivity issues, consider switching to a different port or explicitly specifying "host": "<ip address>" instead of hostname in firebase.json {"metadata":{"emulator":{"name":"firestore"},"message":"If you encounter connectivity issues, consider switching to a different port or explicitly specifying \"host\": \"<ip address>\" instead of hostname in firebase.json"}}
[warn] ⚠  firestore.websocket: Error when trying to check port 9150 on ::1: Error: listen EADDRNOTAVAIL: address not available ::1:9150 {"metadata":{"emulator":{"name":"firestore"},"message":"Error when trying to check port 9150 on ::1: Error: listen EADDRNOTAVAIL: address not available ::1:9150"}}
[warn] ⚠  firestore: Port 9150 is available on 127.0.0.1 but not ::1. This may cause issues with some clients. {"metadata":{"emulator":{"name":"firestore"},"message":"Port 9150 is available on 127.0.0.1 but not ::1. This may cause issues with some clients."}}
[warn] ⚠  firestore: If you encounter connectivity issues, consider switching to a different port or explicitly specifying "host": "<ip address>" instead of hostname in firebase.json {"metadata":{"emulator":{"name":"firestore"},"message":"If you encounter connectivity issues, consider switching to a different port or explicitly specifying \"host\": \"<ip address>\" instead of hostname in firebase.json"}}
[debug] [2025-10-20T15:46:15.808Z] assigned listening specs for emulators {"user":{"hub":[{"address":"127.0.0.1","family":"IPv4","port":4400}],"ui":[{"address":"127.0.0.1","family":"IPv4","port":4000}],"logging":[{"address":"127.0.0.1","family":"IPv4","port":4500}],"firestore":[{"address":"127.0.0.1","family":"IPv4","port":8080}],"firestore.websocket":[{"address":"127.0.0.1","family":"IPv4","port":9150}]},"metadata":{"message":"assigned listening specs for emulators"}}
[debug] [2025-10-20T15:46:15.852Z] Emulator locator file path: /tmp/hub-demo-app.json
[debug] [2025-10-20T15:46:15.855Z] [hub] writing locator at /tmp/hub-demo-app.json
[debug] [2025-10-20T15:46:15.928Z] Ignoring unsupported arg: auto_download {"metadata":{"emulator":{"name":"firestore"},"message":"Ignoring unsupported arg: auto_download"}}
[debug] [2025-10-20T15:46:15.931Z] Ignoring unsupported arg: single_project_mode_error {"metadata":{"emulator":{"name":"firestore"},"message":"Ignoring unsupported arg: single_project_mode_error"}}
[debug] [2025-10-20T15:46:15.931Z] Starting Firestore Emulator with command {"binary":"java","args":["-Dgoogle.cloud_firestore.debug_log_level=FINE","-Duser.language=en","-jar","/nix/store/aim0jw1v9i4cna8525r39mzx9ck28aq7-emulators/cloud-firestore-emulator-v1.19.8.jar","--host","127.0.0.1","--port",8080,"--websocket_port",9150,"--project_id","demo-app","--rules","/home/user/studio/firestore.rules","--single_project_mode",true],"optionalArgs":["port","webchannel_port","host","rules","websocket_port","functions_emulator","seed_from_export","project_id","single_project_mode"],"joinArgs":false,"shell":false,"port":8080} {"metadata":{"emulator":{"name":"firestore"},"message":"Starting Firestore Emulator with command {\"binary\":\"java\",\"args\":[\"-Dgoogle.cloud_firestore.debug_log_level=FINE\",\"-Duser.language=en\",\"-jar\",\"/nix/store/aim0jw1v9i4cna8525r39mzx9ck28aq7-emulators/cloud-firestore-emulator-v1.19.8.jar\",\"--host\",\"127.0.0.1\",\"--port\",8080,\"--websocket_port\",9150,\"--project_id\",\"demo-app\",\"--rules\",\"/home/user/studio/firestore.rules\",\"--single_project_mode\",true],\"optionalArgs\":[\"port\",\"webchannel_port\",\"host\",\"rules\",\"websocket_port\",\"functions_emulator\",\"seed_from_export\",\"project_id\",\"single_project_mode\"],\"joinArgs\":false,\"shell\":false,\"port\":8080}"}}
[info] i  firestore: Firestore Emulator logging to firestore-debug.log {"metadata":{"emulator":{"name":"firestore"},"message":"Firestore Emulator logging to firestore-debug.log"}}
[debug] [2025-10-20T15:46:21.367Z] Oct 20, 2025 3:46:21 PM com.google.cloud.datastore.emulator.firestore.websocket.WebSocketServer start
INFO: Started WebSocket server on ws://127.0.0.1:9150
 {"metadata":{"emulator":{"name":"firestore"},"message":"Oct 20, 2025 3:46:21 PM com.google.cloud.datastore.emulator.firestore.websocket.WebSocketServer start\nINFO: Started WebSocket server on ws://127.0.0.1:9150\n"}}
[debug] [2025-10-20T15:46:21.474Z] API endpoint: http://127.0.0.1:8080
If you are using a library that supports the FIRESTORE_EMULATOR_HOST environment variable, run:

   export FIRESTORE_EMULATOR_HOST=127.0.0.1:8080

If you are running a Firestore in Datastore Mode project, run:

   export DATASTORE_EMULATOR_HOST= {"metadata":{"emulator":{"name":"firestore"},"message":"API endpoint: http://127.0.0.1:8080\nIf you are using a library that supports the FIRESTORE_EMULATOR_HOST environment variable, run:\n\n   export FIRESTORE_EMULATOR_HOST=127.0.0.1:8080\n\nIf you are running a Firestore in Datastore Mode project, run:\n\n   export DATASTORE_EMULATOR_HOST="}}
[debug] [2025-10-20T15:46:21.476Z] 127.0.0.1:8080

Note: Support for Datastore Mode is in preview. If you encounter any bugs please file at https://github.com/firebase/firebase-tools/issues.
Dev App Server is now running.

 {"metadata":{"emulator":{"name":"firestore"},"message":"127.0.0.1:8080\n\nNote: Support for Datastore Mode is in preview. If you encounter any bugs please file at https://github.com/firebase/firebase-tools/issues.\nDev App Server is now running.\n\n"}}
[info] ✔  firestore: Firestore Emulator UI websocket is running on 9150. {"metadata":{"emulator":{"name":"firestore"},"message":"Firestore Emulator UI websocket is running on 9150."}}
[debug] [2025-10-20T15:46:21.742Z] Could not find VSCode notification endpoint: FetchError: request to http://localhost:40001/vscode/notify failed, reason: connect ECONNREFUSED 127.0.0.1:40001. If you are not running the Firebase Data Connect VSCode extension, this is expected and not an issue.
[info] 
┌─────────────────────────────────────────────────────────────┐
│ ✔  All emulators ready! It is now safe to connect your app. │
│ i  View Emulator UI at http://127.0.0.1:4000/               │
└─────────────────────────────────────────────────────────────┘

┌───────────┬────────────────┬─────────────────────────────────┐
│ Emulator  │ Host:Port      │ View in Emulator UI             │
├───────────┼────────────────┼─────────────────────────────────┤
│ Firestore │ 127.0.0.1:8080 │ http://127.0.0.1:4000/firestore │
└───────────┴────────────────┴─────────────────────────────────┘
  Emulator Hub host: 127.0.0.1 port: 4400
  Other reserved ports: 4500, 9150

Issues? Report them at https://github.com/firebase/firebase-tools/issues and attach the *-debug.log files.
 
